{"/home/travis/build/npmtest/node-npmtest-browserslist/test.js":{"path":"/home/travis/build/npmtest/node-npmtest-browserslist/test.js","s":{"1":2,"2":2,"3":2,"4":2,"5":2,"6":2,"7":2,"8":1,"9":2,"10":2,"11":1,"12":1,"13":1,"14":1,"15":2,"16":2,"17":2,"18":2,"19":1,"20":1,"21":2,"22":2,"23":2,"24":1,"25":1,"26":1,"27":1,"28":1,"29":1,"30":1,"31":1,"32":1,"33":1,"34":1,"35":1,"36":1,"37":1,"38":1,"39":2,"40":2,"41":1,"42":2,"43":2,"44":1,"45":2,"46":2,"47":1,"48":2,"49":2,"50":1,"51":1,"52":1,"53":1,"54":1},"b":{"1":[2,1,1,1],"2":[1,1,1,1],"3":[1,1],"4":[1,1],"5":[1,1],"6":[1,1],"7":[1,1],"8":[1,1],"9":[1,1],"10":[1,1,1],"11":[1,1],"12":[1,1],"13":[1,1],"14":[1,1],"15":[1,1],"16":[1,1],"17":[1,1]},"f":{"1":2,"2":2,"3":2,"4":2,"5":2,"6":1,"7":1,"8":1,"9":2,"10":2,"11":2,"12":2,"13":1},"fnMap":{"1":{"name":"(anonymous_1)","line":12,"loc":{"start":{"line":12,"column":1},"end":{"line":12,"column":13}}},"2":{"name":"(anonymous_2)","line":19,"loc":{"start":{"line":19,"column":5},"end":{"line":19,"column":17}}},"3":{"name":"(anonymous_3)","line":23,"loc":{"start":{"line":23,"column":24},"end":{"line":23,"column":36}}},"4":{"name":"(anonymous_4)","line":61,"loc":{"start":{"line":61,"column":5},"end":{"line":61,"column":17}}},"5":{"name":"(anonymous_5)","line":82,"loc":{"start":{"line":82,"column":5},"end":{"line":82,"column":17}}},"6":{"name":"(anonymous_6)","line":91,"loc":{"start":{"line":91,"column":77},"end":{"line":94,"column":10}}},"7":{"name":"(anonymous_7)","line":112,"loc":{"start":{"line":112,"column":83},"end":{"line":115,"column":10}},"skip":true},"8":{"name":"(anonymous_8)","line":123,"loc":{"start":{"line":123,"column":77},"end":{"line":126,"column":10}},"skip":true},"9":{"name":"(anonymous_9)","line":139,"loc":{"start":{"line":139,"column":12},"end":{"line":139,"column":40}},"skip":true},"10":{"name":"(anonymous_10)","line":147,"loc":{"start":{"line":147,"column":77},"end":{"line":150,"column":10}},"skip":true},"11":{"name":"(anonymous_11)","line":158,"loc":{"start":{"line":158,"column":83},"end":{"line":161,"column":10}},"skip":true},"12":{"name":"(anonymous_12)","line":169,"loc":{"start":{"line":169,"column":79},"end":{"line":172,"column":10}},"skip":true},"13":{"name":"(anonymous_13)","line":180,"loc":{"start":{"line":180,"column":75},"end":{"line":183,"column":10}},"skip":true}},"statementMap":{"1":{"start":{"line":12,"column":0},"end":{"line":195,"column":5}},"2":{"start":{"line":14,"column":4},"end":{"line":14,"column":14}},"3":{"start":{"line":19,"column":4},"end":{"line":56,"column":9}},"4":{"start":{"line":21,"column":8},"end":{"line":21,"column":19}},"5":{"start":{"line":23,"column":8},"end":{"line":35,"column":13}},"6":{"start":{"line":24,"column":12},"end":{"line":34,"column":13}},"7":{"start":{"line":25,"column":16},"end":{"line":28,"column":30}},"8":{"start":{"line":30,"column":16},"end":{"line":33,"column":27}},"9":{"start":{"line":37,"column":8},"end":{"line":39,"column":21}},"10":{"start":{"line":40,"column":8},"end":{"line":53,"column":9}},"11":{"start":{"line":43,"column":12},"end":{"line":46,"column":14}},"12":{"start":{"line":47,"column":12},"end":{"line":47,"column":18}},"13":{"start":{"line":50,"column":12},"end":{"line":51,"column":33}},"14":{"start":{"line":52,"column":12},"end":{"line":52,"column":18}},"15":{"start":{"line":55,"column":8},"end":{"line":55,"column":35}},"16":{"start":{"line":61,"column":4},"end":{"line":63,"column":9}},"17":{"start":{"line":62,"column":8},"end":{"line":62,"column":15}},"18":{"start":{"line":64,"column":4},"end":{"line":77,"column":5}},"19":{"start":{"line":70,"column":8},"end":{"line":70,"column":14}},"20":{"start":{"line":76,"column":8},"end":{"line":76,"column":14}},"21":{"start":{"line":82,"column":4},"end":{"line":84,"column":9}},"22":{"start":{"line":83,"column":8},"end":{"line":83,"column":15}},"23":{"start":{"line":85,"column":4},"end":{"line":194,"column":5}},"24":{"start":{"line":91,"column":8},"end":{"line":99,"column":10}},"25":{"start":{"line":98,"column":12},"end":{"line":98,"column":35}},"26":{"start":{"line":102,"column":8},"end":{"line":104,"column":63}},"27":{"start":{"line":105,"column":8},"end":{"line":105,"column":14}},"28":{"start":{"line":112,"column":8},"end":{"line":121,"column":10},"skip":true},"29":{"start":{"line":119,"column":12},"end":{"line":119,"column":55},"skip":true},"30":{"start":{"line":120,"column":12},"end":{"line":120,"column":48},"skip":true},"31":{"start":{"line":123,"column":8},"end":{"line":136,"column":10},"skip":true},"32":{"start":{"line":130,"column":12},"end":{"line":130,"column":76},"skip":true},"33":{"start":{"line":131,"column":12},"end":{"line":131,"column":73},"skip":true},"34":{"start":{"line":132,"column":12},"end":{"line":132,"column":74},"skip":true},"35":{"start":{"line":133,"column":12},"end":{"line":133,"column":79},"skip":true},"36":{"start":{"line":134,"column":12},"end":{"line":134,"column":25},"skip":true},"37":{"start":{"line":135,"column":12},"end":{"line":135,"column":45},"skip":true},"38":{"start":{"line":138,"column":8},"end":{"line":145,"column":14},"skip":true},"39":{"start":{"line":143,"column":16},"end":{"line":143,"column":29},"skip":true},"40":{"start":{"line":144,"column":16},"end":{"line":144,"column":55},"skip":true},"41":{"start":{"line":147,"column":8},"end":{"line":156,"column":10},"skip":true},"42":{"start":{"line":154,"column":12},"end":{"line":154,"column":25},"skip":true},"43":{"start":{"line":155,"column":12},"end":{"line":155,"column":45},"skip":true},"44":{"start":{"line":158,"column":8},"end":{"line":167,"column":10},"skip":true},"45":{"start":{"line":165,"column":12},"end":{"line":165,"column":25},"skip":true},"46":{"start":{"line":166,"column":12},"end":{"line":166,"column":48},"skip":true},"47":{"start":{"line":169,"column":8},"end":{"line":178,"column":10},"skip":true},"48":{"start":{"line":176,"column":12},"end":{"line":176,"column":25},"skip":true},"49":{"start":{"line":177,"column":12},"end":{"line":177,"column":46},"skip":true},"50":{"start":{"line":180,"column":8},"end":{"line":189,"column":10},"skip":true},"51":{"start":{"line":187,"column":12},"end":{"line":187,"column":94},"skip":true},"52":{"start":{"line":188,"column":12},"end":{"line":188,"column":48},"skip":true},"53":{"start":{"line":192,"column":8},"end":{"line":192,"column":35},"skip":true},"54":{"start":{"line":193,"column":8},"end":{"line":193,"column":14},"skip":true}},"branchMap":{"1":{"line":25,"type":"binary-expr","locations":[{"start":{"line":25,"column":23},"end":{"line":25,"column":62}},{"start":{"line":26,"column":20},"end":{"line":26,"column":70}},{"start":{"line":27,"column":20},"end":{"line":27,"column":71}},{"start":{"line":28,"column":20},"end":{"line":28,"column":29}}]},"2":{"line":30,"type":"binary-expr","locations":[{"start":{"line":30,"column":23},"end":{"line":30,"column":37}},{"start":{"line":31,"column":20},"end":{"line":31,"column":61}},{"start":{"line":32,"column":20},"end":{"line":32,"column":70}},{"start":{"line":33,"column":20},"end":{"line":33,"column":26}}]},"3":{"line":37,"type":"cond-expr","locations":[{"start":{"line":38,"column":14},"end":{"line":38,"column":20}},{"start":{"line":39,"column":14},"end":{"line":39,"column":20}}]},"4":{"line":40,"type":"switch","locations":[{"start":{"line":42,"column":8},"end":{"line":47,"column":18}},{"start":{"line":49,"column":8},"end":{"line":52,"column":18}}]},"5":{"line":44,"type":"binary-expr","locations":[{"start":{"line":44,"column":16},"end":{"line":44,"column":44}},{"start":{"line":44,"column":48},"end":{"line":44,"column":66}}]},"6":{"line":50,"type":"binary-expr","locations":[{"start":{"line":50,"column":21},"end":{"line":50,"column":49}},{"start":{"line":50,"column":53},"end":{"line":50,"column":72}}]},"7":{"line":64,"type":"switch","locations":[{"start":{"line":69,"column":4},"end":{"line":70,"column":14}},{"start":{"line":75,"column":4},"end":{"line":76,"column":14}}]},"8":{"line":85,"type":"switch","locations":[{"start":{"line":90,"column":4},"end":{"line":105,"column":14}},{"start":{"line":111,"column":4},"end":{"line":193,"column":14},"skip":true}]},"9":{"line":91,"type":"binary-expr","locations":[{"start":{"line":91,"column":42},"end":{"line":91,"column":73}},{"start":{"line":91,"column":77},"end":{"line":99,"column":9}}]},"10":{"line":102,"type":"binary-expr","locations":[{"start":{"line":102,"column":18},"end":{"line":102,"column":32}},{"start":{"line":103,"column":12},"end":{"line":103,"column":53}},{"start":{"line":104,"column":12},"end":{"line":104,"column":61}}]},"11":{"line":112,"type":"binary-expr","locations":[{"start":{"line":112,"column":45},"end":{"line":112,"column":79},"skip":true},{"start":{"line":112,"column":83},"end":{"line":121,"column":9},"skip":true}]},"12":{"line":123,"type":"binary-expr","locations":[{"start":{"line":123,"column":42},"end":{"line":123,"column":73},"skip":true},{"start":{"line":123,"column":77},"end":{"line":136,"column":9},"skip":true}]},"13":{"line":138,"type":"binary-expr","locations":[{"start":{"line":138,"column":48},"end":{"line":138,"column":85},"skip":true},{"start":{"line":139,"column":12},"end":{"line":145,"column":13},"skip":true}]},"14":{"line":147,"type":"binary-expr","locations":[{"start":{"line":147,"column":42},"end":{"line":147,"column":73},"skip":true},{"start":{"line":147,"column":77},"end":{"line":156,"column":9},"skip":true}]},"15":{"line":158,"type":"binary-expr","locations":[{"start":{"line":158,"column":45},"end":{"line":158,"column":79},"skip":true},{"start":{"line":158,"column":83},"end":{"line":167,"column":9},"skip":true}]},"16":{"line":169,"type":"binary-expr","locations":[{"start":{"line":169,"column":43},"end":{"line":169,"column":75},"skip":true},{"start":{"line":169,"column":79},"end":{"line":178,"column":9},"skip":true}]},"17":{"line":180,"type":"binary-expr","locations":[{"start":{"line":180,"column":41},"end":{"line":180,"column":71},"skip":true},{"start":{"line":180,"column":75},"end":{"line":189,"column":9},"skip":true}]}},"code":["/* istanbul instrument in package npmtest_browserslist */","/*jslint","    bitwise: true,","    browser: true,","    maxerr: 8,","    maxlen: 96,","    node: true,","    nomen: true,","    regexp: true,","    stupid: true","*/","(function () {","    'use strict';","    var local;","","","","    // run shared js-env code - init-before","    (function () {","        // init local","        local = {};","        // init modeJs","        local.modeJs = (function () {","            try {","                return typeof navigator.userAgent === 'string' &&","                    typeof document.querySelector('body') === 'object' &&","                    typeof XMLHttpRequest.prototype.open === 'function' &&","                    'browser';","            } catch (errorCaughtBrowser) {","                return module.exports &&","                    typeof process.versions.node === 'string' &&","                    typeof require('http').createServer === 'function' &&","                    'node';","            }","        }());","        // init global","        local.global = local.modeJs === 'browser'","            ? window","            : global;","        switch (local.modeJs) {","        // re-init local from window.local","        case 'browser':","            local = local.global.utility2.objectSetDefault(","                local.global.utility2_rollup || local.global.local,","                local.global.utility2","            );","            break;","        // re-init local from example.js","        case 'node':","            local = (local.global.utility2_rollup || require('utility2'))","                .requireReadme();","            break;","        }","        // export local","        local.global.local = local;","    }());","","","","    // run shared js-env code - function","    (function () {","        return;","    }());","    switch (local.modeJs) {","","","","    // run browser js-env code - function","    case 'browser':","        break;","","","","    // run node js-env code - function","    case 'node':","        break;","    }","","","","    // run shared js-env code - init-after","    (function () {","        return;","    }());","    switch (local.modeJs) {","","","","    // run browser js-env code - init-after","    case 'browser':","        local.testCase_browser_nullCase = local.testCase_browser_nullCase || function (","            options,","            onError","        ) {","        /*","         * this function will test browsers's null-case handling-behavior-behavior","         */","            onError(null, options);","        };","","        // run tests","        local.nop(local.modeTest &&","            document.querySelector('#testRunButton1') &&","            document.querySelector('#testRunButton1').click());","        break;","","","","    // run node js-env code - init-after","    /* istanbul ignore next */","    case 'node':","        local.testCase_buildApidoc_default = local.testCase_buildApidoc_default || function (","            options,","            onError","        ) {","        /*","         * this function will test buildApidoc's default handling-behavior-behavior","         */","            options = { modulePathList: module.paths };","            local.buildApidoc(options, onError);","        };","","        local.testCase_buildApp_default = local.testCase_buildApp_default || function (","            options,","            onError","        ) {","        /*","         * this function will test buildApp's default handling-behavior-behavior","         */","            local.testCase_buildReadme_default(options, local.onErrorThrow);","            local.testCase_buildLib_default(options, local.onErrorThrow);","            local.testCase_buildTest_default(options, local.onErrorThrow);","            local.testCase_buildCustomOrg_default(options, local.onErrorThrow);","            options = [];","            local.buildApp(options, onError);","        };","","        local.testCase_buildCustomOrg_default = local.testCase_buildCustomOrg_default ||","            function (options, onError) {","            /*","             * this function will test buildCustomOrg's default handling-behavior","             */","                options = {};","                local.buildCustomOrg(options, onError);","            };","","        local.testCase_buildLib_default = local.testCase_buildLib_default || function (","            options,","            onError","        ) {","        /*","         * this function will test buildLib's default handling-behavior","         */","            options = {};","            local.buildLib(options, onError);","        };","","        local.testCase_buildReadme_default = local.testCase_buildReadme_default || function (","            options,","            onError","        ) {","        /*","         * this function will test buildReadme's default handling-behavior-behavior","         */","            options = {};","            local.buildReadme(options, onError);","        };","","        local.testCase_buildTest_default = local.testCase_buildTest_default || function (","            options,","            onError","        ) {","        /*","         * this function will test buildTest's default handling-behavior","         */","            options = {};","            local.buildTest(options, onError);","        };","","        local.testCase_webpage_default = local.testCase_webpage_default || function (","            options,","            onError","        ) {","        /*","         * this function will test webpage's default handling-behavior","         */","            options = { modeCoverageMerge: true, url: local.serverLocalHost + '?modeTest=1' };","            local.browserTest(options, onError);","        };","","        // run test-server","        local.testRunServer(local);","        break;","    }","}());",""],"l":{"12":2,"14":2,"19":2,"21":2,"23":2,"24":2,"25":2,"30":1,"37":2,"40":2,"43":1,"47":1,"50":1,"52":1,"55":2,"61":2,"62":2,"64":2,"70":1,"76":1,"82":2,"83":2,"85":2,"91":1,"98":1,"102":1,"105":1,"112":1,"119":1,"120":1,"123":1,"130":1,"131":1,"132":1,"133":1,"134":1,"135":1,"138":1,"143":2,"144":2,"147":1,"154":2,"155":2,"158":1,"165":2,"166":2,"169":1,"176":2,"177":2,"180":1,"187":1,"188":1,"192":1,"193":1}},"/home/travis/build/npmtest/node-npmtest-browserslist/lib.npmtest_browserslist.js":{"path":"/home/travis/build/npmtest/node-npmtest-browserslist/lib.npmtest_browserslist.js","s":{"1":2,"2":2,"3":2,"4":2,"5":2,"6":2,"7":2,"8":1,"9":2,"10":2,"11":2,"12":2,"13":1,"14":1,"15":1,"16":1},"b":{"1":[2,1,1,1],"2":[1,1,1,1],"3":[1,1],"4":[2,2],"5":[1,1]},"f":{"1":2,"2":2,"3":2},"fnMap":{"1":{"name":"(anonymous_1)","line":12,"loc":{"start":{"line":12,"column":1},"end":{"line":12,"column":13}}},"2":{"name":"(anonymous_2)","line":19,"loc":{"start":{"line":19,"column":5},"end":{"line":19,"column":17}}},"3":{"name":"(anonymous_3)","line":23,"loc":{"start":{"line":23,"column":24},"end":{"line":23,"column":36}}}},"statementMap":{"1":{"start":{"line":12,"column":0},"end":{"line":53,"column":5}},"2":{"start":{"line":14,"column":4},"end":{"line":14,"column":14}},"3":{"start":{"line":19,"column":4},"end":{"line":52,"column":9}},"4":{"start":{"line":21,"column":8},"end":{"line":21,"column":19}},"5":{"start":{"line":23,"column":8},"end":{"line":35,"column":13}},"6":{"start":{"line":24,"column":12},"end":{"line":34,"column":13}},"7":{"start":{"line":25,"column":16},"end":{"line":28,"column":30}},"8":{"start":{"line":30,"column":16},"end":{"line":33,"column":27}},"9":{"start":{"line":37,"column":8},"end":{"line":39,"column":21}},"10":{"start":{"line":41,"column":8},"end":{"line":41,"column":54}},"11":{"start":{"line":43,"column":8},"end":{"line":43,"column":57}},"12":{"start":{"line":45,"column":8},"end":{"line":51,"column":9}},"13":{"start":{"line":46,"column":12},"end":{"line":46,"column":63}},"14":{"start":{"line":48,"column":12},"end":{"line":48,"column":35}},"15":{"start":{"line":49,"column":12},"end":{"line":49,"column":49}},"16":{"start":{"line":50,"column":12},"end":{"line":50,"column":43}}},"branchMap":{"1":{"line":25,"type":"binary-expr","locations":[{"start":{"line":25,"column":23},"end":{"line":25,"column":62}},{"start":{"line":26,"column":20},"end":{"line":26,"column":70}},{"start":{"line":27,"column":20},"end":{"line":27,"column":71}},{"start":{"line":28,"column":20},"end":{"line":28,"column":29}}]},"2":{"line":30,"type":"binary-expr","locations":[{"start":{"line":30,"column":23},"end":{"line":30,"column":37}},{"start":{"line":31,"column":20},"end":{"line":31,"column":61}},{"start":{"line":32,"column":20},"end":{"line":32,"column":70}},{"start":{"line":33,"column":20},"end":{"line":33,"column":26}}]},"3":{"line":37,"type":"cond-expr","locations":[{"start":{"line":38,"column":14},"end":{"line":38,"column":20}},{"start":{"line":39,"column":14},"end":{"line":39,"column":20}}]},"4":{"line":41,"type":"binary-expr","locations":[{"start":{"line":41,"column":16},"end":{"line":41,"column":44}},{"start":{"line":41,"column":48},"end":{"line":41,"column":53}}]},"5":{"line":45,"type":"if","locations":[{"start":{"line":45,"column":8},"end":{"line":45,"column":8}},{"start":{"line":45,"column":8},"end":{"line":45,"column":8}}]}},"code":["/* istanbul instrument in package npmtest_browserslist */","/*jslint","    bitwise: true,","    browser: true,","    maxerr: 8,","    maxlen: 96,","    node: true,","    nomen: true,","    regexp: true,","    stupid: true","*/","(function () {","    'use strict';","    var local;","","","","    // run shared js-env code - init-before","    (function () {","        // init local","        local = {};","        // init modeJs","        local.modeJs = (function () {","            try {","                return typeof navigator.userAgent === 'string' &&","                    typeof document.querySelector('body') === 'object' &&","                    typeof XMLHttpRequest.prototype.open === 'function' &&","                    'browser';","            } catch (errorCaughtBrowser) {","                return module.exports &&","                    typeof process.versions.node === 'string' &&","                    typeof require('http').createServer === 'function' &&","                    'node';","            }","        }());","        // init global","        local.global = local.modeJs === 'browser'","            ? window","            : global;","        // init utility2_rollup","        local = local.global.utility2_rollup || local;","        // init lib","        local.local = local.npmtest_browserslist = local;","        // init exports","        if (local.modeJs === 'browser') {","            local.global.utility2_npmtest_browserslist = local;","        } else {","            module.exports = local;","            module.exports.__dirname = __dirname;","            module.exports.module = module;","        }","    }());","}());",""],"l":{"12":2,"14":2,"19":2,"21":2,"23":2,"24":2,"25":2,"30":1,"37":2,"41":2,"43":2,"45":2,"46":1,"48":1,"49":1,"50":1}},"/home/travis/build/npmtest/node-npmtest-browserslist/example.js":{"path":"/home/travis/build/npmtest/node-npmtest-browserslist/example.js","s":{"1":2,"2":2,"3":2,"4":2,"5":2,"6":2,"7":2,"8":1,"9":2,"10":2,"11":2,"12":2,"13":1,"14":2,"15":2,"16":2,"17":2,"18":2,"19":0,"20":2,"21":1,"22":1,"23":1,"24":1,"25":1,"26":0,"27":0,"28":1,"29":1,"30":2,"31":0,"32":0,"33":0,"34":1,"35":2,"36":2,"37":3,"38":3,"39":3,"40":3,"41":0,"42":3,"43":3,"44":3,"45":1,"46":3,"47":1,"48":1,"49":1,"50":1,"51":1,"52":1,"53":1,"54":1,"55":1,"56":1,"57":0,"58":1,"59":6,"60":6,"61":1,"62":2,"63":0,"64":2,"65":1,"66":1,"67":0,"68":0,"69":0,"70":0,"71":0,"72":0,"73":0,"74":0,"75":0,"76":0,"77":0,"78":0,"79":0,"80":0,"81":0,"82":0,"83":0},"b":{"1":[2,1,1,1],"2":[1,1,1,1],"3":[1,1],"4":[2,2],"5":[1,1],"6":[1,1],"7":[2,0],"8":[2,1,1,1,1,1],"9":[0,2,0],"10":[1,1],"11":[2,1,1],"12":[1,0],"13":[0,2],"14":[2,0,0,0,0,0,0],"15":[0,3],"16":[3,0],"17":[1,1],"18":[0,1],"19":[1,2,0,2],"20":[1,0],"21":[1,1],"22":[0,0],"23":[0,0],"24":[0,0],"25":[0,0],"26":[0,0],"27":[0,0],"28":[0,0]},"f":{"1":2,"2":2,"3":2,"4":2,"5":2,"6":2,"7":3,"8":3,"9":3,"10":1,"11":6,"12":0},"fnMap":{"1":{"name":"(anonymous_1)","line":26,"loc":{"start":{"line":26,"column":1},"end":{"line":26,"column":13}}},"2":{"name":"(anonymous_2)","line":33,"loc":{"start":{"line":33,"column":5},"end":{"line":33,"column":17}}},"3":{"name":"(anonymous_3)","line":37,"loc":{"start":{"line":37,"column":24},"end":{"line":37,"column":36}}},"4":{"name":"(anonymous_4)","line":69,"loc":{"start":{"line":69,"column":31},"end":{"line":69,"column":48}},"skip":true},"5":{"name":"(anonymous_5)","line":78,"loc":{"start":{"line":78,"column":26},"end":{"line":78,"column":45}},"skip":true},"6":{"name":"(anonymous_6)","line":123,"loc":{"start":{"line":123,"column":33},"end":{"line":123,"column":48}},"skip":true},"7":{"name":"(anonymous_7)","line":125,"loc":{"start":{"line":125,"column":27},"end":{"line":125,"column":39}},"skip":true},"8":{"name":"(anonymous_8)","line":133,"loc":{"start":{"line":133,"column":59},"end":{"line":133,"column":74}},"skip":true},"9":{"name":"(anonymous_9)","line":143,"loc":{"start":{"line":143,"column":45},"end":{"line":143,"column":62}},"skip":true},"10":{"name":"(anonymous_10)","line":144,"loc":{"start":{"line":144,"column":73},"end":{"line":144,"column":92}},"skip":true},"11":{"name":"(anonymous_11)","line":272,"loc":{"start":{"line":272,"column":51},"end":{"line":272,"column":77}},"skip":true},"12":{"name":"(anonymous_12)","line":315,"loc":{"start":{"line":315,"column":32},"end":{"line":315,"column":61}},"skip":true}},"statementMap":{"1":{"start":{"line":26,"column":0},"end":{"line":326,"column":5}},"2":{"start":{"line":28,"column":4},"end":{"line":28,"column":14}},"3":{"start":{"line":33,"column":4},"end":{"line":60,"column":9}},"4":{"start":{"line":35,"column":8},"end":{"line":35,"column":19}},"5":{"start":{"line":37,"column":8},"end":{"line":49,"column":13}},"6":{"start":{"line":38,"column":12},"end":{"line":48,"column":13}},"7":{"start":{"line":39,"column":16},"end":{"line":42,"column":30}},"8":{"start":{"line":44,"column":16},"end":{"line":47,"column":27}},"9":{"start":{"line":51,"column":8},"end":{"line":53,"column":21}},"10":{"start":{"line":55,"column":8},"end":{"line":57,"column":45}},"11":{"start":{"line":59,"column":8},"end":{"line":59,"column":35}},"12":{"start":{"line":61,"column":4},"end":{"line":325,"column":5}},"13":{"start":{"line":69,"column":8},"end":{"line":121,"column":10},"skip":true},"14":{"start":{"line":70,"column":12},"end":{"line":88,"column":13},"skip":true},"15":{"start":{"line":76,"column":16},"end":{"line":87,"column":19},"skip":true},"16":{"start":{"line":79,"column":20},"end":{"line":86,"column":21},"skip":true},"17":{"start":{"line":82,"column":24},"end":{"line":82,"column":43},"skip":true},"18":{"start":{"line":83,"column":24},"end":{"line":83,"column":30},"skip":true},"19":{"start":{"line":85,"column":24},"end":{"line":85,"column":49},"skip":true},"20":{"start":{"line":89,"column":12},"end":{"line":107,"column":13},"skip":true},"21":{"start":{"line":92,"column":16},"end":{"line":102,"column":17},"skip":true},"22":{"start":{"line":93,"column":20},"end":{"line":93,"column":86},"skip":true},"23":{"start":{"line":94,"column":20},"end":{"line":95,"column":45},"skip":true},"24":{"start":{"line":96,"column":20},"end":{"line":96,"column":42},"skip":true},"25":{"start":{"line":97,"column":20},"end":{"line":97,"column":48},"skip":true},"26":{"start":{"line":100,"column":20},"end":{"line":100,"column":85},"skip":true},"27":{"start":{"line":101,"column":20},"end":{"line":101,"column":96},"skip":true},"28":{"start":{"line":103,"column":16},"end":{"line":103,"column":22},"skip":true},"29":{"start":{"line":106,"column":16},"end":{"line":106,"column":22},"skip":true},"30":{"start":{"line":108,"column":12},"end":{"line":120,"column":13},"skip":true},"31":{"start":{"line":114,"column":16},"end":{"line":119,"column":17},"skip":true},"32":{"start":{"line":116,"column":20},"end":{"line":116,"column":78},"skip":true},"33":{"start":{"line":118,"column":20},"end":{"line":118,"column":47},"skip":true},"34":{"start":{"line":123,"column":8},"end":{"line":141,"column":11},"skip":true},"35":{"start":{"line":124,"column":12},"end":{"line":124,"column":54},"skip":true},"36":{"start":{"line":125,"column":12},"end":{"line":140,"column":14},"skip":true},"37":{"start":{"line":126,"column":16},"end":{"line":126,"column":28},"skip":true},"38":{"start":{"line":127,"column":16},"end":{"line":127,"column":69},"skip":true},"39":{"start":{"line":128,"column":16},"end":{"line":128,"column":75},"skip":true},"40":{"start":{"line":129,"column":16},"end":{"line":131,"column":17},"skip":true},"41":{"start":{"line":130,"column":20},"end":{"line":130,"column":27},"skip":true},"42":{"start":{"line":133,"column":16},"end":{"line":137,"column":36},"skip":true},"43":{"start":{"line":134,"column":20},"end":{"line":136,"column":55},"skip":true},"44":{"start":{"line":139,"column":16},"end":{"line":139,"column":57},"skip":true},"45":{"start":{"line":143,"column":8},"end":{"line":147,"column":11},"skip":true},"46":{"start":{"line":144,"column":12},"end":{"line":146,"column":15},"skip":true},"47":{"start":{"line":145,"column":16},"end":{"line":145,"column":70},"skip":true},"48":{"start":{"line":149,"column":8},"end":{"line":149,"column":31},"skip":true},"49":{"start":{"line":150,"column":8},"end":{"line":150,"column":14},"skip":true},"50":{"start":{"line":158,"column":8},"end":{"line":158,"column":31},"skip":true},"51":{"start":{"line":160,"column":8},"end":{"line":160,"column":33},"skip":true},"52":{"start":{"line":161,"column":8},"end":{"line":161,"column":37},"skip":true},"53":{"start":{"line":162,"column":8},"end":{"line":162,"column":35},"skip":true},"54":{"start":{"line":164,"column":8},"end":{"line":164,"column":50},"skip":true},"55":{"start":{"line":166,"column":8},"end":{"line":256,"column":2},"skip":true},"56":{"start":{"line":258,"column":8},"end":{"line":286,"column":9},"skip":true},"57":{"start":{"line":259,"column":12},"end":{"line":269,"column":14},"skip":true},"58":{"start":{"line":271,"column":12},"end":{"line":285,"column":19},"skip":true},"59":{"start":{"line":274,"column":20},"end":{"line":274,"column":35},"skip":true},"60":{"start":{"line":275,"column":20},"end":{"line":284,"column":21},"skip":true},"61":{"start":{"line":277,"column":24},"end":{"line":277,"column":64},"skip":true},"62":{"start":{"line":279,"column":24},"end":{"line":279,"column":40},"skip":true},"63":{"start":{"line":281,"column":24},"end":{"line":281,"column":40},"skip":true},"64":{"start":{"line":283,"column":24},"end":{"line":283,"column":39},"skip":true},"65":{"start":{"line":288,"column":8},"end":{"line":290,"column":9},"skip":true},"66":{"start":{"line":289,"column":12},"end":{"line":289,"column":18},"skip":true},"67":{"start":{"line":291,"column":8},"end":{"line":293,"column":54},"skip":true},"68":{"start":{"line":296,"column":8},"end":{"line":301,"column":37},"skip":true},"69":{"start":{"line":303,"column":8},"end":{"line":303,"column":82},"skip":true},"70":{"start":{"line":306,"column":8},"end":{"line":308,"column":9},"skip":true},"71":{"start":{"line":307,"column":12},"end":{"line":307,"column":82},"skip":true},"72":{"start":{"line":310,"column":8},"end":{"line":312,"column":9},"skip":true},"73":{"start":{"line":311,"column":12},"end":{"line":311,"column":18},"skip":true},"74":{"start":{"line":313,"column":8},"end":{"line":313,"column":54},"skip":true},"75":{"start":{"line":314,"column":8},"end":{"line":314,"column":69},"skip":true},"76":{"start":{"line":315,"column":8},"end":{"line":323,"column":36},"skip":true},"77":{"start":{"line":316,"column":12},"end":{"line":316,"column":61},"skip":true},"78":{"start":{"line":317,"column":12},"end":{"line":320,"column":13},"skip":true},"79":{"start":{"line":318,"column":16},"end":{"line":318,"column":75},"skip":true},"80":{"start":{"line":319,"column":16},"end":{"line":319,"column":23},"skip":true},"81":{"start":{"line":321,"column":12},"end":{"line":321,"column":38},"skip":true},"82":{"start":{"line":322,"column":12},"end":{"line":322,"column":27},"skip":true},"83":{"start":{"line":324,"column":8},"end":{"line":324,"column":14},"skip":true}},"branchMap":{"1":{"line":39,"type":"binary-expr","locations":[{"start":{"line":39,"column":23},"end":{"line":39,"column":62}},{"start":{"line":40,"column":20},"end":{"line":40,"column":70}},{"start":{"line":41,"column":20},"end":{"line":41,"column":71}},{"start":{"line":42,"column":20},"end":{"line":42,"column":29}}]},"2":{"line":44,"type":"binary-expr","locations":[{"start":{"line":44,"column":23},"end":{"line":44,"column":37}},{"start":{"line":45,"column":20},"end":{"line":45,"column":61}},{"start":{"line":46,"column":20},"end":{"line":46,"column":70}},{"start":{"line":47,"column":20},"end":{"line":47,"column":26}}]},"3":{"line":51,"type":"cond-expr","locations":[{"start":{"line":52,"column":14},"end":{"line":52,"column":20}},{"start":{"line":53,"column":14},"end":{"line":53,"column":20}}]},"4":{"line":55,"type":"binary-expr","locations":[{"start":{"line":55,"column":16},"end":{"line":55,"column":44}},{"start":{"line":55,"column":49},"end":{"line":57,"column":43}}]},"5":{"line":55,"type":"cond-expr","locations":[{"start":{"line":56,"column":14},"end":{"line":56,"column":56}},{"start":{"line":57,"column":14},"end":{"line":57,"column":43}}]},"6":{"line":61,"type":"switch","locations":[{"start":{"line":68,"column":4},"end":{"line":150,"column":14},"skip":true},{"start":{"line":156,"column":4},"end":{"line":324,"column":14},"skip":true}]},"7":{"line":70,"type":"if","locations":[{"start":{"line":70,"column":12},"end":{"line":70,"column":12},"skip":true},{"start":{"line":70,"column":12},"end":{"line":70,"column":12},"skip":true}]},"8":{"line":70,"type":"binary-expr","locations":[{"start":{"line":70,"column":16},"end":{"line":70,"column":22},"skip":true},{"start":{"line":70,"column":27},"end":{"line":70,"column":32},"skip":true},{"start":{"line":71,"column":20},"end":{"line":71,"column":39},"skip":true},{"start":{"line":72,"column":20},"end":{"line":72,"column":49},"skip":true},{"start":{"line":73,"column":20},"end":{"line":73,"column":58},"skip":true},{"start":{"line":74,"column":20},"end":{"line":74,"column":69},"skip":true}]},"9":{"line":79,"type":"switch","locations":[{"start":{"line":80,"column":20},"end":{"line":80,"column":33},"skip":true},{"start":{"line":81,"column":20},"end":{"line":83,"column":30},"skip":true},{"start":{"line":84,"column":20},"end":{"line":85,"column":49},"skip":true}]},"10":{"line":89,"type":"switch","locations":[{"start":{"line":90,"column":12},"end":{"line":103,"column":22},"skip":true},{"start":{"line":105,"column":12},"end":{"line":106,"column":22},"skip":true}]},"11":{"line":89,"type":"binary-expr","locations":[{"start":{"line":89,"column":20},"end":{"line":89,"column":25},"skip":true},{"start":{"line":89,"column":29},"end":{"line":89,"column":48},"skip":true},{"start":{"line":89,"column":52},"end":{"line":89,"column":74},"skip":true}]},"12":{"line":92,"type":"if","locations":[{"start":{"line":92,"column":16},"end":{"line":92,"column":16},"skip":true},{"start":{"line":92,"column":16},"end":{"line":92,"column":16},"skip":true}]},"13":{"line":108,"type":"if","locations":[{"start":{"line":108,"column":12},"end":{"line":108,"column":12},"skip":true},{"start":{"line":108,"column":12},"end":{"line":108,"column":12},"skip":true}]},"14":{"line":108,"type":"binary-expr","locations":[{"start":{"line":108,"column":16},"end":{"line":108,"column":61},"skip":true},{"start":{"line":108,"column":66},"end":{"line":108,"column":72},"skip":true},{"start":{"line":108,"column":77},"end":{"line":108,"column":82},"skip":true},{"start":{"line":109,"column":20},"end":{"line":109,"column":39},"skip":true},{"start":{"line":110,"column":20},"end":{"line":110,"column":49},"skip":true},{"start":{"line":111,"column":20},"end":{"line":111,"column":58},"skip":true},{"start":{"line":112,"column":20},"end":{"line":112,"column":68},"skip":true}]},"15":{"line":129,"type":"if","locations":[{"start":{"line":129,"column":16},"end":{"line":129,"column":16},"skip":true},{"start":{"line":129,"column":16},"end":{"line":129,"column":16},"skip":true}]},"16":{"line":134,"type":"cond-expr","locations":[{"start":{"line":135,"column":26},"end":{"line":135,"column":29},"skip":true},{"start":{"line":136,"column":26},"end":{"line":136,"column":54},"skip":true}]},"17":{"line":164,"type":"binary-expr","locations":[{"start":{"line":164,"column":27},"end":{"line":164,"column":43},"skip":true},{"start":{"line":164,"column":47},"end":{"line":164,"column":49},"skip":true}]},"18":{"line":258,"type":"if","locations":[{"start":{"line":258,"column":8},"end":{"line":258,"column":8},"skip":true},{"start":{"line":258,"column":8},"end":{"line":258,"column":8},"skip":true}]},"19":{"line":275,"type":"switch","locations":[{"start":{"line":276,"column":20},"end":{"line":277,"column":64},"skip":true},{"start":{"line":278,"column":20},"end":{"line":279,"column":40},"skip":true},{"start":{"line":280,"column":20},"end":{"line":281,"column":40},"skip":true},{"start":{"line":282,"column":20},"end":{"line":283,"column":39},"skip":true}]},"20":{"line":288,"type":"if","locations":[{"start":{"line":288,"column":8},"end":{"line":288,"column":8},"skip":true},{"start":{"line":288,"column":8},"end":{"line":288,"column":8},"skip":true}]},"21":{"line":288,"type":"binary-expr","locations":[{"start":{"line":288,"column":12},"end":{"line":288,"column":40},"skip":true},{"start":{"line":288,"column":44},"end":{"line":288,"column":67},"skip":true}]},"22":{"line":292,"type":"binary-expr","locations":[{"start":{"line":292,"column":12},"end":{"line":292,"column":50},"skip":true},{"start":{"line":293,"column":12},"end":{"line":293,"column":53},"skip":true}]},"23":{"line":297,"type":"binary-expr","locations":[{"start":{"line":297,"column":12},"end":{"line":297,"column":70},"skip":true},{"start":{"line":298,"column":12},"end":{"line":301,"column":36},"skip":true}]},"24":{"line":303,"type":"binary-expr","locations":[{"start":{"line":303,"column":43},"end":{"line":303,"column":75},"skip":true},{"start":{"line":303,"column":79},"end":{"line":303,"column":81},"skip":true}]},"25":{"line":306,"type":"if","locations":[{"start":{"line":306,"column":8},"end":{"line":306,"column":8},"skip":true},{"start":{"line":306,"column":8},"end":{"line":306,"column":8},"skip":true}]},"26":{"line":310,"type":"if","locations":[{"start":{"line":310,"column":8},"end":{"line":310,"column":8},"skip":true},{"start":{"line":310,"column":8},"end":{"line":310,"column":8},"skip":true}]},"27":{"line":313,"type":"binary-expr","locations":[{"start":{"line":313,"column":27},"end":{"line":313,"column":43},"skip":true},{"start":{"line":313,"column":47},"end":{"line":313,"column":53},"skip":true}]},"28":{"line":317,"type":"if","locations":[{"start":{"line":317,"column":12},"end":{"line":317,"column":12},"skip":true},{"start":{"line":317,"column":12},"end":{"line":317,"column":12},"skip":true}]}},"code":["/*","example.js","","quickstart example","","instruction","    1. save this script as example.js","    2. run the shell command:","        $ npm install npmtest-browserslist && PORT=8081 node example.js","    3. play with the browser-demo on http://127.0.0.1:8081","*/","","","","/* istanbul instrument in package npmtest_browserslist */","/*jslint","    bitwise: true,","    browser: true,","    maxerr: 8,","    maxlen: 96,","    node: true,","    nomen: true,","    regexp: true,","    stupid: true","*/","(function () {","    'use strict';","    var local;","","","","    // run shared js-env code - init-before","    (function () {","        // init local","        local = {};","        // init modeJs","        local.modeJs = (function () {","            try {","                return typeof navigator.userAgent === 'string' &&","                    typeof document.querySelector('body') === 'object' &&","                    typeof XMLHttpRequest.prototype.open === 'function' &&","                    'browser';","            } catch (errorCaughtBrowser) {","                return module.exports &&","                    typeof process.versions.node === 'string' &&","                    typeof require('http').createServer === 'function' &&","                    'node';","            }","        }());","        // init global","        local.global = local.modeJs === 'browser'","            ? window","            : global;","        // init utility2_rollup","        local = local.global.utility2_rollup || (local.modeJs === 'browser'","            ? local.global.utility2_npmtest_browserslist","            : global.utility2_moduleExports);","        // export local","        local.global.local = local;","    }());","    switch (local.modeJs) {","","","","    // init-after","    // run browser js-env code - init-after","    /* istanbul ignore next */","    case 'browser':","        local.testRunBrowser = function (event) {","            if (!event || (event &&","                    event.currentTarget &&","                    event.currentTarget.className &&","                    event.currentTarget.className.includes &&","                    event.currentTarget.className.includes('onreset'))) {","                // reset output","                Array.from(","                    document.querySelectorAll('body > .resettable')","                ).forEach(function (element) {","                    switch (element.tagName) {","                    case 'INPUT':","                    case 'TEXTAREA':","                        element.value = '';","                        break;","                    default:","                        element.textContent = '';","                    }","                });","            }","            switch (event && event.currentTarget && event.currentTarget.id) {","            case 'testRunButton1':","                // show tests","                if (document.querySelector('#testReportDiv1').style.display === 'none') {","                    document.querySelector('#testReportDiv1').style.display = 'block';","                    document.querySelector('#testRunButton1').textContent =","                        'hide internal test';","                    local.modeTest = true;","                    local.testRunDefault(local);","                // hide tests","                } else {","                    document.querySelector('#testReportDiv1').style.display = 'none';","                    document.querySelector('#testRunButton1').textContent = 'run internal test';","                }","                break;","            // custom-case","            default:","                break;","            }","            if (document.querySelector('#inputTextareaEval1') && (!event || (event &&","                    event.currentTarget &&","                    event.currentTarget.className &&","                    event.currentTarget.className.includes &&","                    event.currentTarget.className.includes('oneval')))) {","                // try to eval input-code","                try {","                    /*jslint evil: true*/","                    eval(document.querySelector('#inputTextareaEval1').value);","                } catch (errorCaught) {","                    console.error(errorCaught);","                }","            }","        };","        // log stderr and stdout to #outputTextareaStdout1","        ['error', 'log'].forEach(function (key) {","            console[key + '_original'] = console[key];","            console[key] = function () {","                var element;","                console[key + '_original'].apply(console, arguments);","                element = document.querySelector('#outputTextareaStdout1');","                if (!element) {","                    return;","                }","                // append text to #outputTextareaStdout1","                element.value += Array.from(arguments).map(function (arg) {","                    return typeof arg === 'string'","                        ? arg","                        : JSON.stringify(arg, null, 4);","                }).join(' ') + '\\n';","                // scroll textarea to bottom","                element.scrollTop = element.scrollHeight;","            };","        });","        // init event-handling","        ['change', 'click', 'keyup'].forEach(function (event) {","            Array.from(document.querySelectorAll('.on' + event)).forEach(function (element) {","                element.addEventListener(event, local.testRunBrowser);","            });","        });","        // run tests","        local.testRunBrowser();","        break;","","","","    // run node js-env code - init-after","    /* istanbul ignore next */","    case 'node':","        // export local","        module.exports = local;","        // require modules","        local.fs = require('fs');","        local.http = require('http');","        local.url = require('url');","        // init assets","        local.assetsDict = local.assetsDict || {};","        /* jslint-ignore-begin */","        local.assetsDict['/assets.index.template.html'] = '\\","<!doctype html>\\n\\","<html lang=\"en\">\\n\\","<head>\\n\\","<meta charset=\"UTF-8\">\\n\\","<meta name=\"viewport\" content=\"width=device-width, initial-scale=1\">\\n\\","<title>{{env.npm_package_name}} (v{{env.npm_package_version}})</title>\\n\\","<style>\\n\\","/*csslint\\n\\","    box-sizing: false,\\n\\","    universal-selector: false\\n\\","*/\\n\\","* {\\n\\","    box-sizing: border-box;\\n\\","}\\n\\","body {\\n\\","    background: #dde;\\n\\","    font-family: Arial, Helvetica, sans-serif;\\n\\","    margin: 2rem;\\n\\","}\\n\\","body > * {\\n\\","    margin-bottom: 1rem;\\n\\","}\\n\\",".utility2FooterDiv {\\n\\","    margin-top: 20px;\\n\\","    text-align: center;\\n\\","}\\n\\","</style>\\n\\","<style>\\n\\","/*csslint\\n\\","*/\\n\\","textarea {\\n\\","    font-family: monospace;\\n\\","    height: 10rem;\\n\\","    width: 100%;\\n\\","}\\n\\","textarea[readonly] {\\n\\","    background: #ddd;\\n\\","}\\n\\","</style>\\n\\","</head>\\n\\","<body>\\n\\","<!-- utility2-comment\\n\\","<div id=\"ajaxProgressDiv1\" style=\"background: #d00; height: 2px; left: 0; margin: 0; padding: 0; position: fixed; top: 0; transition: background 0.5s, width 1.5s; width: 25%;\"></div>\\n\\","utility2-comment -->\\n\\","<h1>\\n\\","<!-- utility2-comment\\n\\","    <a\\n\\","        {{#if env.npm_package_homepage}}\\n\\","        href=\"{{env.npm_package_homepage}}\"\\n\\","        {{/if env.npm_package_homepage}}\\n\\","        target=\"_blank\"\\n\\","    >\\n\\","utility2-comment -->\\n\\","        {{env.npm_package_name}} (v{{env.npm_package_version}})\\n\\","<!-- utility2-comment\\n\\","    </a>\\n\\","utility2-comment -->\\n\\","</h1>\\n\\","<h3>{{env.npm_package_description}}</h3>\\n\\","<!-- utility2-comment\\n\\","<h4><a download href=\"assets.app.js\">download standalone app</a></h4>\\n\\","<button class=\"onclick onreset\" id=\"testRunButton1\">run internal test</button><br>\\n\\","<div id=\"testReportDiv1\" style=\"display: none;\"></div>\\n\\","utility2-comment -->\\n\\","\\n\\","\\n\\","\\n\\","<label>stderr and stdout</label>\\n\\","<textarea class=\"resettable\" id=\"outputTextareaStdout1\" readonly></textarea>\\n\\","<!-- utility2-comment\\n\\","{{#if isRollup}}\\n\\","<script src=\"assets.app.js\"></script>\\n\\","{{#unless isRollup}}\\n\\","utility2-comment -->\\n\\","<script src=\"assets.utility2.rollup.js\"></script>\\n\\","<script src=\"jsonp.utility2._stateInit?callback=window.utility2._stateInit\"></script>\\n\\","<script src=\"assets.npmtest_browserslist.rollup.js\"></script>\\n\\","<script src=\"assets.example.js\"></script>\\n\\","<script src=\"assets.test.js\"></script>\\n\\","<!-- utility2-comment\\n\\","{{/if isRollup}}\\n\\","utility2-comment -->\\n\\","<div class=\"utility2FooterDiv\">\\n\\","    [ this app was created with\\n\\","    <a href=\"https://github.com/kaizhu256/node-utility2\" target=\"_blank\">utility2</a>\\n\\","    ]\\n\\","</div>\\n\\","</body>\\n\\","</html>\\n\\","';","        /* jslint-ignore-end */","        if (local.templateRender) {","            local.assetsDict['/'] = local.templateRender(","                local.assetsDict['/assets.index.template.html'],","                {","                    env: local.objectSetDefault(local.env, {","                        npm_package_description: 'the greatest app in the world!',","                        npm_package_name: 'my-app',","                        npm_package_nameAlias: 'my_app',","                        npm_package_version: '0.0.1'","                    })","                }","            );","        } else {","            local.assetsDict['/'] = local.assetsDict['/assets.index.template.html']","                .replace((/\\{\\{env\\.(\\w+?)\\}\\}/g), function (match0, match1) {","                    // jslint-hack","                    String(match0);","                    switch (match1) {","                    case 'npm_package_description':","                        return 'the greatest app in the world!';","                    case 'npm_package_name':","                        return 'my-app';","                    case 'npm_package_nameAlias':","                        return 'my_app';","                    case 'npm_package_version':","                        return '0.0.1';","                    }","                });","        }","        // run the cli","        if (local.global.utility2_rollup || module !== require.main) {","            break;","        }","        local.assetsDict['/assets.example.js'] =","            local.assetsDict['/assets.example.js'] ||","            local.fs.readFileSync(__filename, 'utf8');","        // bug-workaround - long $npm_package_buildCustomOrg","        /* jslint-ignore-begin */","        local.assetsDict['/assets.npmtest_browserslist.rollup.js'] =","            local.assetsDict['/assets.npmtest_browserslist.rollup.js'] ||","            local.fs.readFileSync(","                local.npmtest_browserslist.__dirname + '/lib.npmtest_browserslist.js',","                'utf8'","            ).replace((/^#!/), '//');","        /* jslint-ignore-end */","        local.assetsDict['/favicon.ico'] = local.assetsDict['/favicon.ico'] || '';","        // if $npm_config_timeout_exit exists,","        // then exit this process after $npm_config_timeout_exit ms","        if (Number(process.env.npm_config_timeout_exit)) {","            setTimeout(process.exit, Number(process.env.npm_config_timeout_exit));","        }","        // start server","        if (local.global.utility2_serverHttp1) {","            break;","        }","        process.env.PORT = process.env.PORT || '8081';","        console.error('server starting on port ' + process.env.PORT);","        local.http.createServer(function (request, response) {","            request.urlParsed = local.url.parse(request.url);","            if (local.assetsDict[request.urlParsed.pathname] !== undefined) {","                response.end(local.assetsDict[request.urlParsed.pathname]);","                return;","            }","            response.statusCode = 404;","            response.end();","        }).listen(process.env.PORT);","        break;","    }","}());",""],"l":{"26":2,"28":2,"33":2,"35":2,"37":2,"38":2,"39":2,"44":1,"51":2,"55":2,"59":2,"61":2,"69":1,"70":2,"76":2,"79":2,"82":2,"83":2,"85":1,"89":2,"92":1,"93":1,"94":1,"96":1,"97":1,"100":1,"101":1,"103":1,"106":1,"108":2,"114":1,"116":1,"118":1,"123":1,"124":2,"125":2,"126":3,"127":3,"128":3,"129":3,"130":1,"133":3,"134":3,"139":3,"143":1,"144":3,"145":1,"149":1,"150":1,"158":1,"160":1,"161":1,"162":1,"164":1,"166":1,"258":1,"259":1,"271":1,"274":6,"275":6,"277":1,"279":2,"281":1,"283":2,"288":1,"289":1,"291":1,"296":1,"303":1,"306":1,"307":1,"310":1,"311":1,"313":1,"314":1,"315":1,"316":1,"317":1,"318":1,"319":1,"321":1,"322":1,"324":1}},"/home/travis/build/npmtest/node-npmtest-browserslist/node_modules/browserslist/index.js":{"path":"/home/travis/build/npmtest/node-npmtest-browserslist/node_modules/browserslist/index.js","s":{"1":1,"2":1,"3":1,"4":1,"5":1,"6":1,"7":34,"8":1921,"9":1,"10":1,"11":1,"12":0,"13":0,"14":0,"15":0,"16":0,"17":1,"18":0,"19":0,"20":0,"21":0,"22":0,"23":1,"24":1,"25":0,"26":1,"27":17,"28":223,"29":1,"30":1,"31":1,"32":1,"33":0,"34":0,"35":0,"36":0,"37":0,"38":0,"39":1,"40":0,"41":0,"42":0,"43":0,"44":0,"45":0,"46":1,"47":0,"48":0,"49":0,"50":0,"51":0,"52":0,"53":0,"54":0,"55":0,"56":1,"57":0,"58":0,"59":0,"60":0,"61":1,"62":0,"63":0,"64":0,"65":0,"66":0,"67":0,"68":0,"69":0,"70":0,"71":0,"72":0,"73":1,"74":0,"75":0,"76":0,"77":0,"78":0,"79":0,"80":0,"81":0,"82":0,"83":0,"84":0,"85":0,"86":0,"87":1,"88":0,"89":0,"90":0,"91":0,"92":0,"93":1,"94":0,"95":0,"96":0,"97":0,"98":0,"99":0,"100":0,"101":0,"102":0,"103":0,"104":0,"105":0,"106":0,"107":0,"108":0,"109":0,"110":0,"111":0,"112":0,"113":0,"114":0,"115":0,"116":0,"117":0,"118":0,"119":0,"120":0,"121":0,"122":0,"123":0,"124":0,"125":0,"126":0,"127":0,"128":0,"129":0,"130":0,"131":0,"132":0,"133":0,"134":0,"135":0,"136":0,"137":0,"138":0,"139":0,"140":0,"141":0,"142":0,"143":0,"144":0,"145":0,"146":0,"147":0,"148":0,"149":0,"150":0,"151":0,"152":0,"153":0,"154":0,"155":0,"156":0,"157":0,"158":1,"159":0,"160":0,"161":0,"162":0,"163":0,"164":0,"165":1,"166":0,"167":0,"168":0,"169":0,"170":0,"171":0,"172":1,"173":1,"174":1,"175":1,"176":1,"177":1,"178":0,"179":0,"180":0,"181":1,"182":0,"183":0,"184":0,"185":0,"186":1,"187":0,"188":0,"189":0,"190":1,"191":0,"192":0,"193":0,"194":0,"195":0,"196":0,"197":0,"198":0,"199":0,"200":0,"201":0,"202":0,"203":0,"204":0,"205":0,"206":0,"207":0,"208":0,"209":0,"210":0,"211":0,"212":0,"213":0,"214":0,"215":0,"216":0,"217":0,"218":0,"219":1,"220":0,"221":0,"222":0,"223":0,"224":0,"225":0,"226":0,"227":0,"228":0,"229":1,"230":0,"231":0,"232":0,"233":0,"234":0,"235":0,"236":0,"237":0,"238":0,"239":0,"240":1,"241":0,"242":0,"243":1,"244":0,"245":0,"246":0,"247":0,"248":0,"249":0,"250":0,"251":0,"252":0,"253":0,"254":0,"255":0,"256":0,"257":0,"258":0,"259":0,"260":0,"261":0,"262":0,"263":0,"264":0,"265":0,"266":0,"267":0,"268":0,"269":0,"270":0,"271":0,"272":0,"273":0,"274":0,"275":0,"276":0,"277":0,"278":0,"279":0,"280":0,"281":0,"282":0,"283":0,"284":0,"285":0,"286":0,"287":0,"288":0,"289":0,"290":0,"291":0,"292":0,"293":0,"294":0,"295":0,"296":0,"297":0,"298":0,"299":0,"300":0,"301":0,"302":0,"303":0,"304":0,"305":0,"306":0,"307":0,"308":0,"309":0,"310":0,"311":0,"312":0,"313":0,"314":0,"315":0,"316":0,"317":0,"318":0,"319":0,"320":0,"321":0,"322":0,"323":0,"324":0,"325":0,"326":0,"327":0,"328":0,"329":0,"330":0,"331":0,"332":0,"333":0,"334":0,"335":0,"336":0,"337":1,"338":1,"339":17,"340":17,"341":17,"342":17,"343":17,"344":986,"345":986,"346":763,"347":223,"348":12,"349":12,"350":24,"351":1},"b":{"1":[0,0],"2":[0,0],"3":[0,0],"4":[1,1,1],"5":[0,0],"6":[0,0],"7":[0,0],"8":[0,0],"9":[0,0],"10":[0,0],"11":[0,0],"12":[0,0],"13":[0,0],"14":[0,0],"15":[0,0],"16":[0,0],"17":[0,0],"18":[0,0],"19":[0,0],"20":[0,0],"21":[0,0],"22":[0,0],"23":[0,0],"24":[0,0],"25":[0,0],"26":[0,0],"27":[0,0],"28":[0,0],"29":[0,0],"30":[0,0],"31":[0,0],"32":[0,0],"33":[0,0],"34":[0,0],"35":[0,0],"36":[0,0],"37":[0,0],"38":[0,0],"39":[0,0],"40":[0,0],"41":[0,0],"42":[0,0],"43":[0,0],"44":[0,0],"45":[0,0],"46":[0,0],"47":[0,0],"48":[0,0],"49":[0,0],"50":[0,0],"51":[0,0],"52":[0,0],"53":[0,0],"54":[0,0],"55":[0,0],"56":[0,0],"57":[0,0],"58":[0,0],"59":[0,0],"60":[0,0],"61":[0,0],"62":[0,0],"63":[0,0],"64":[0,0],"65":[0,0],"66":[0,0],"67":[0,0],"68":[0,0],"69":[0,0],"70":[0,0],"71":[0,0],"72":[0,0],"73":[0,0],"74":[0,0],"75":[0,0],"76":[0,0],"77":[0,0],"78":[0,0],"79":[0,0],"80":[0,0],"81":[0,0],"82":[0,0],"83":[0,0],"84":[0,0],"85":[0,0],"86":[0,0],"87":[0,0],"88":[0,0],"89":[0,0],"90":[0,0],"91":[0,0],"92":[0,0],"93":[0,0],"94":[0,0],"95":[0,0],"96":[0,0],"97":[0,0],"98":[0,0],"99":[763,223],"100":[12,211]},"f":{"1":34,"2":1921,"3":0,"4":0,"5":0,"6":17,"7":0,"8":0,"9":0,"10":0,"11":0,"12":0,"13":0,"14":0,"15":0,"16":0,"17":0,"18":0,"19":0,"20":0,"21":0,"22":0,"23":0,"24":0,"25":0,"26":0,"27":0,"28":0,"29":0,"30":0,"31":0,"32":0,"33":0,"34":0,"35":0,"36":0,"37":0,"38":0,"39":0,"40":0,"41":0,"42":0,"43":0,"44":0,"45":0,"46":0,"47":0,"48":0,"49":0,"50":0,"51":0,"52":0,"53":0,"54":0,"55":0,"56":0,"57":0,"58":0,"59":0,"60":0,"61":0,"62":1},"fnMap":{"1":{"name":"normalize","line":8,"loc":{"start":{"line":8,"column":0},"end":{"line":8,"column":29}}},"2":{"name":"(anonymous_2)","line":9,"loc":{"start":{"line":9,"column":27},"end":{"line":9,"column":46}}},"3":{"name":"uniq","line":17,"loc":{"start":{"line":17,"column":0},"end":{"line":17,"column":21}}},"4":{"name":"BrowserslistError","line":25,"loc":{"start":{"line":25,"column":0},"end":{"line":25,"column":36}}},"5":{"name":"error","line":37,"loc":{"start":{"line":37,"column":0},"end":{"line":37,"column":21}}},"6":{"name":"fillUsage","line":41,"loc":{"start":{"line":41,"column":0},"end":{"line":41,"column":39}}},"7":{"name":"isFile","line":53,"loc":{"start":{"line":53,"column":0},"end":{"line":53,"column":22}}},"8":{"name":"eachParent","line":64,"loc":{"start":{"line":64,"column":0},"end":{"line":64,"column":36}}},"9":{"name":"getStat","line":73,"loc":{"start":{"line":73,"column":0},"end":{"line":73,"column":23}}},"10":{"name":"(anonymous_10)","line":79,"loc":{"start":{"line":79,"column":37},"end":{"line":79,"column":52}}},"11":{"name":"parsePackage","line":88,"loc":{"start":{"line":88,"column":0},"end":{"line":88,"column":28}}},"12":{"name":"pickEnv","line":96,"loc":{"start":{"line":96,"column":0},"end":{"line":96,"column":31}}},"13":{"name":"generateFilter","line":113,"loc":{"start":{"line":113,"column":0},"end":{"line":113,"column":39}}},"14":{"name":"(anonymous_14)","line":116,"loc":{"start":{"line":116,"column":15},"end":{"line":116,"column":28}}},"15":{"name":"(anonymous_15)","line":120,"loc":{"start":{"line":120,"column":15},"end":{"line":120,"column":28}}},"16":{"name":"(anonymous_16)","line":124,"loc":{"start":{"line":124,"column":15},"end":{"line":124,"column":28}}},"17":{"name":"(anonymous_17)","line":128,"loc":{"start":{"line":128,"column":15},"end":{"line":128,"column":28}}},"18":{"name":"compareStrings","line":134,"loc":{"start":{"line":134,"column":0},"end":{"line":134,"column":30}}},"19":{"name":"(anonymous_19)","line":158,"loc":{"start":{"line":158,"column":19},"end":{"line":158,"column":44}}},"20":{"name":"(anonymous_20)","line":207,"loc":{"start":{"line":207,"column":20},"end":{"line":207,"column":41}}},"21":{"name":"(anonymous_21)","line":220,"loc":{"start":{"line":220,"column":51},"end":{"line":220,"column":64}}},"22":{"name":"(anonymous_22)","line":223,"loc":{"start":{"line":223,"column":43},"end":{"line":223,"column":56}}},"23":{"name":"(anonymous_23)","line":235,"loc":{"start":{"line":235,"column":24},"end":{"line":235,"column":37}}},"24":{"name":"(anonymous_24)","line":244,"loc":{"start":{"line":244,"column":12},"end":{"line":244,"column":36}}},"25":{"name":"(anonymous_25)","line":261,"loc":{"start":{"line":261,"column":23},"end":{"line":261,"column":48}}},"26":{"name":"(anonymous_26)","line":271,"loc":{"start":{"line":271,"column":28},"end":{"line":271,"column":47}}},"27":{"name":"(anonymous_27)","line":317,"loc":{"start":{"line":317,"column":22},"end":{"line":317,"column":38}}},"28":{"name":"(anonymous_28)","line":325,"loc":{"start":{"line":325,"column":25},"end":{"line":325,"column":41}}},"29":{"name":"(anonymous_29)","line":332,"loc":{"start":{"line":332,"column":26},"end":{"line":332,"column":42}}},"30":{"name":"(anonymous_30)","line":340,"loc":{"start":{"line":340,"column":26},"end":{"line":340,"column":42}}},"31":{"name":"(anonymous_31)","line":348,"loc":{"start":{"line":348,"column":36},"end":{"line":348,"column":51}}},"32":{"name":"(anonymous_32)","line":399,"loc":{"start":{"line":399,"column":24},"end":{"line":399,"column":53}}},"33":{"name":"(anonymous_33)","line":407,"loc":{"start":{"line":407,"column":27},"end":{"line":407,"column":45}}},"34":{"name":"(anonymous_34)","line":417,"loc":{"start":{"line":417,"column":27},"end":{"line":417,"column":45}}},"35":{"name":"(anonymous_35)","line":424,"loc":{"start":{"line":424,"column":13},"end":{"line":424,"column":29}}},"36":{"name":"(anonymous_36)","line":427,"loc":{"start":{"line":427,"column":16},"end":{"line":427,"column":32}}},"37":{"name":"(anonymous_37)","line":430,"loc":{"start":{"line":430,"column":17},"end":{"line":430,"column":33}}},"38":{"name":"(anonymous_38)","line":443,"loc":{"start":{"line":443,"column":27},"end":{"line":443,"column":39}}},"39":{"name":"(anonymous_39)","line":452,"loc":{"start":{"line":452,"column":16},"end":{"line":452,"column":45}}},"40":{"name":"(anonymous_40)","line":454,"loc":{"start":{"line":454,"column":41},"end":{"line":454,"column":57}}},"41":{"name":"(anonymous_41)","line":459,"loc":{"start":{"line":459,"column":34},"end":{"line":459,"column":47}}},"42":{"name":"(anonymous_42)","line":470,"loc":{"start":{"line":470,"column":16},"end":{"line":470,"column":51}}},"43":{"name":"(anonymous_43)","line":472,"loc":{"start":{"line":472,"column":54},"end":{"line":472,"column":67}}},"44":{"name":"(anonymous_44)","line":480,"loc":{"start":{"line":480,"column":16},"end":{"line":480,"column":53}}},"45":{"name":"(anonymous_45)","line":500,"loc":{"start":{"line":500,"column":16},"end":{"line":500,"column":53}}},"46":{"name":"(anonymous_46)","line":524,"loc":{"start":{"line":524,"column":16},"end":{"line":524,"column":62}}},"47":{"name":"(anonymous_47)","line":548,"loc":{"start":{"line":548,"column":16},"end":{"line":548,"column":45}}},"48":{"name":"(anonymous_48)","line":555,"loc":{"start":{"line":555,"column":43},"end":{"line":555,"column":56}}},"49":{"name":"(anonymous_49)","line":558,"loc":{"start":{"line":558,"column":19},"end":{"line":558,"column":32}}},"50":{"name":"(anonymous_50)","line":566,"loc":{"start":{"line":566,"column":16},"end":{"line":566,"column":51}}},"51":{"name":"(anonymous_51)","line":571,"loc":{"start":{"line":571,"column":25},"end":{"line":571,"column":38}}},"52":{"name":"(anonymous_52)","line":576,"loc":{"start":{"line":576,"column":52},"end":{"line":576,"column":65}}},"53":{"name":"(anonymous_53)","line":584,"loc":{"start":{"line":584,"column":16},"end":{"line":584,"column":50}}},"54":{"name":"(anonymous_54)","line":587,"loc":{"start":{"line":587,"column":21},"end":{"line":587,"column":34}}},"55":{"name":"(anonymous_55)","line":595,"loc":{"start":{"line":595,"column":16},"end":{"line":595,"column":56}}},"56":{"name":"(anonymous_56)","line":603,"loc":{"start":{"line":603,"column":21},"end":{"line":603,"column":34}}},"57":{"name":"(anonymous_57)","line":611,"loc":{"start":{"line":611,"column":16},"end":{"line":611,"column":28}}},"58":{"name":"(anonymous_58)","line":618,"loc":{"start":{"line":618,"column":16},"end":{"line":618,"column":28}}},"59":{"name":"(anonymous_59)","line":625,"loc":{"start":{"line":625,"column":16},"end":{"line":625,"column":44}}},"60":{"name":"(anonymous_60)","line":634,"loc":{"start":{"line":634,"column":16},"end":{"line":634,"column":50}}},"61":{"name":"(anonymous_61)","line":659,"loc":{"start":{"line":659,"column":16},"end":{"line":659,"column":28}}},"62":{"name":"(anonymous_62)","line":668,"loc":{"start":{"line":668,"column":1},"end":{"line":668,"column":13}}}},"statementMap":{"1":{"start":{"line":1,"column":0},"end":{"line":1,"column":27}},"2":{"start":{"line":2,"column":0},"end":{"line":2,"column":52}},"3":{"start":{"line":3,"column":0},"end":{"line":3,"column":25}},"4":{"start":{"line":5,"column":0},"end":{"line":5,"column":45}},"5":{"start":{"line":6,"column":0},"end":{"line":6,"column":45}},"6":{"start":{"line":8,"column":0},"end":{"line":12,"column":1}},"7":{"start":{"line":9,"column":4},"end":{"line":11,"column":7}},"8":{"start":{"line":10,"column":8},"end":{"line":10,"column":43}},"9":{"start":{"line":14,"column":0},"end":{"line":14,"column":49}},"10":{"start":{"line":15,"column":0},"end":{"line":15,"column":36}},"11":{"start":{"line":17,"column":0},"end":{"line":23,"column":1}},"12":{"start":{"line":18,"column":4},"end":{"line":18,"column":22}},"13":{"start":{"line":19,"column":4},"end":{"line":21,"column":5}},"14":{"start":{"line":20,"column":8},"end":{"line":20,"column":73}},"15":{"start":{"line":20,"column":49},"end":{"line":20,"column":73}},"16":{"start":{"line":22,"column":4},"end":{"line":22,"column":20}},"17":{"start":{"line":25,"column":0},"end":{"line":32,"column":1}},"18":{"start":{"line":26,"column":4},"end":{"line":26,"column":36}},"19":{"start":{"line":27,"column":4},"end":{"line":27,"column":33}},"20":{"start":{"line":28,"column":4},"end":{"line":28,"column":29}},"21":{"start":{"line":29,"column":4},"end":{"line":31,"column":5}},"22":{"start":{"line":30,"column":8},"end":{"line":30,"column":57}},"23":{"start":{"line":33,"column":0},"end":{"line":33,"column":46}},"24":{"start":{"line":37,"column":0},"end":{"line":39,"column":1}},"25":{"start":{"line":38,"column":4},"end":{"line":38,"column":38}},"26":{"start":{"line":41,"column":0},"end":{"line":45,"column":1}},"27":{"start":{"line":42,"column":4},"end":{"line":44,"column":5}},"28":{"start":{"line":43,"column":8},"end":{"line":43,"column":41}},"29":{"start":{"line":47,"column":0},"end":{"line":49,"column":2}},"30":{"start":{"line":50,"column":0},"end":{"line":50,"column":23}},"31":{"start":{"line":51,"column":0},"end":{"line":51,"column":21}},"32":{"start":{"line":53,"column":0},"end":{"line":62,"column":1}},"33":{"start":{"line":54,"column":4},"end":{"line":56,"column":5}},"34":{"start":{"line":55,"column":8},"end":{"line":55,"column":35}},"35":{"start":{"line":57,"column":4},"end":{"line":57,"column":67}},"36":{"start":{"line":58,"column":4},"end":{"line":60,"column":5}},"37":{"start":{"line":59,"column":8},"end":{"line":59,"column":37}},"38":{"start":{"line":61,"column":4},"end":{"line":61,"column":18}},"39":{"start":{"line":64,"column":0},"end":{"line":71,"column":1}},"40":{"start":{"line":65,"column":4},"end":{"line":65,"column":33}},"41":{"start":{"line":66,"column":4},"end":{"line":69,"column":48}},"42":{"start":{"line":67,"column":8},"end":{"line":67,"column":35}},"43":{"start":{"line":68,"column":8},"end":{"line":68,"column":59}},"44":{"start":{"line":68,"column":45},"end":{"line":68,"column":59}},"45":{"start":{"line":70,"column":4},"end":{"line":70,"column":21}},"46":{"start":{"line":73,"column":0},"end":{"line":86,"column":1}},"47":{"start":{"line":74,"column":4},"end":{"line":85,"column":5}},"48":{"start":{"line":75,"column":8},"end":{"line":75,"column":26}},"49":{"start":{"line":76,"column":11},"end":{"line":85,"column":5}},"50":{"start":{"line":77,"column":8},"end":{"line":77,"column":46}},"51":{"start":{"line":78,"column":11},"end":{"line":85,"column":5}},"52":{"start":{"line":79,"column":8},"end":{"line":84,"column":11}},"53":{"start":{"line":80,"column":12},"end":{"line":80,"column":65}},"54":{"start":{"line":81,"column":12},"end":{"line":83,"column":13}},"55":{"start":{"line":82,"column":16},"end":{"line":82,"column":28}},"56":{"start":{"line":88,"column":0},"end":{"line":94,"column":1}},"57":{"start":{"line":89,"column":4},"end":{"line":89,"column":64}},"58":{"start":{"line":90,"column":4},"end":{"line":92,"column":5}},"59":{"start":{"line":91,"column":8},"end":{"line":91,"column":38}},"60":{"start":{"line":93,"column":4},"end":{"line":93,"column":18}},"61":{"start":{"line":96,"column":0},"end":{"line":111,"column":1}},"62":{"start":{"line":97,"column":4},"end":{"line":97,"column":52}},"63":{"start":{"line":97,"column":38},"end":{"line":97,"column":52}},"64":{"start":{"line":99,"column":4},"end":{"line":99,"column":12}},"65":{"start":{"line":100,"column":4},"end":{"line":108,"column":5}},"66":{"start":{"line":101,"column":8},"end":{"line":101,"column":23}},"67":{"start":{"line":102,"column":11},"end":{"line":108,"column":5}},"68":{"start":{"line":103,"column":8},"end":{"line":103,"column":43}},"69":{"start":{"line":104,"column":11},"end":{"line":108,"column":5}},"70":{"start":{"line":105,"column":8},"end":{"line":105,"column":35}},"71":{"start":{"line":107,"column":8},"end":{"line":107,"column":28}},"72":{"start":{"line":110,"column":4},"end":{"line":110,"column":42}},"73":{"start":{"line":113,"column":0},"end":{"line":132,"column":1}},"74":{"start":{"line":114,"column":4},"end":{"line":114,"column":34}},"75":{"start":{"line":115,"column":4},"end":{"line":131,"column":5}},"76":{"start":{"line":116,"column":8},"end":{"line":118,"column":10}},"77":{"start":{"line":117,"column":12},"end":{"line":117,"column":43}},"78":{"start":{"line":119,"column":11},"end":{"line":131,"column":5}},"79":{"start":{"line":120,"column":8},"end":{"line":122,"column":10}},"80":{"start":{"line":121,"column":12},"end":{"line":121,"column":44}},"81":{"start":{"line":123,"column":11},"end":{"line":131,"column":5}},"82":{"start":{"line":124,"column":8},"end":{"line":126,"column":10}},"83":{"start":{"line":125,"column":12},"end":{"line":125,"column":43}},"84":{"start":{"line":127,"column":11},"end":{"line":131,"column":5}},"85":{"start":{"line":128,"column":8},"end":{"line":130,"column":10}},"86":{"start":{"line":129,"column":12},"end":{"line":129,"column":44}},"87":{"start":{"line":134,"column":0},"end":{"line":138,"column":1}},"88":{"start":{"line":135,"column":4},"end":{"line":135,"column":27}},"89":{"start":{"line":135,"column":17},"end":{"line":135,"column":27}},"90":{"start":{"line":136,"column":4},"end":{"line":136,"column":27}},"91":{"start":{"line":136,"column":17},"end":{"line":136,"column":27}},"92":{"start":{"line":137,"column":4},"end":{"line":137,"column":13}},"93":{"start":{"line":158,"column":0},"end":{"line":259,"column":2}},"94":{"start":{"line":159,"column":4},"end":{"line":159,"column":50}},"95":{"start":{"line":159,"column":39},"end":{"line":159,"column":50}},"96":{"start":{"line":161,"column":4},"end":{"line":163,"column":5}},"97":{"start":{"line":162,"column":8},"end":{"line":162,"column":38}},"98":{"start":{"line":165,"column":4},"end":{"line":174,"column":5}},"99":{"start":{"line":166,"column":8},"end":{"line":173,"column":9}},"100":{"start":{"line":167,"column":12},"end":{"line":167,"column":47}},"101":{"start":{"line":168,"column":15},"end":{"line":173,"column":9}},"102":{"start":{"line":169,"column":12},"end":{"line":169,"column":70}},"103":{"start":{"line":170,"column":12},"end":{"line":170,"column":67}},"104":{"start":{"line":171,"column":15},"end":{"line":173,"column":9}},"105":{"start":{"line":172,"column":12},"end":{"line":172,"column":72}},"106":{"start":{"line":176,"column":4},"end":{"line":178,"column":5}},"107":{"start":{"line":177,"column":8},"end":{"line":177,"column":40}},"108":{"start":{"line":180,"column":4},"end":{"line":182,"column":5}},"109":{"start":{"line":181,"column":8},"end":{"line":181,"column":40}},"110":{"start":{"line":184,"column":4},"end":{"line":184,"column":22}},"111":{"start":{"line":186,"column":4},"end":{"line":186,"column":30}},"112":{"start":{"line":187,"column":4},"end":{"line":203,"column":5}},"113":{"start":{"line":188,"column":8},"end":{"line":194,"column":9}},"114":{"start":{"line":189,"column":12},"end":{"line":193,"column":13}},"115":{"start":{"line":190,"column":16},"end":{"line":190,"column":59}},"116":{"start":{"line":192,"column":16},"end":{"line":192,"column":46}},"117":{"start":{"line":195,"column":8},"end":{"line":197,"column":9}},"118":{"start":{"line":196,"column":12},"end":{"line":196,"column":40}},"119":{"start":{"line":199,"column":8},"end":{"line":199,"column":34}},"120":{"start":{"line":200,"column":8},"end":{"line":202,"column":9}},"121":{"start":{"line":201,"column":12},"end":{"line":201,"column":68}},"122":{"start":{"line":205,"column":4},"end":{"line":205,"column":20}},"123":{"start":{"line":207,"column":4},"end":{"line":234,"column":7}},"124":{"start":{"line":208,"column":8},"end":{"line":208,"column":46}},"125":{"start":{"line":208,"column":39},"end":{"line":208,"column":46}},"126":{"start":{"line":210,"column":8},"end":{"line":210,"column":54}},"127":{"start":{"line":211,"column":8},"end":{"line":211,"column":54}},"128":{"start":{"line":211,"column":23},"end":{"line":211,"column":54}},"129":{"start":{"line":213,"column":8},"end":{"line":231,"column":9}},"130":{"start":{"line":214,"column":12},"end":{"line":214,"column":48}},"131":{"start":{"line":215,"column":12},"end":{"line":215,"column":53}},"132":{"start":{"line":216,"column":12},"end":{"line":230,"column":13}},"133":{"start":{"line":217,"column":16},"end":{"line":217,"column":60}},"134":{"start":{"line":218,"column":16},"end":{"line":218,"column":66}},"135":{"start":{"line":219,"column":16},"end":{"line":228,"column":17}},"136":{"start":{"line":220,"column":20},"end":{"line":222,"column":24}},"137":{"start":{"line":221,"column":24},"end":{"line":221,"column":56}},"138":{"start":{"line":223,"column":20},"end":{"line":225,"column":23}},"139":{"start":{"line":224,"column":24},"end":{"line":224,"column":55}},"140":{"start":{"line":227,"column":20},"end":{"line":227,"column":50}},"141":{"start":{"line":229,"column":16},"end":{"line":229,"column":23}},"142":{"start":{"line":233,"column":8},"end":{"line":233,"column":59}},"143":{"start":{"line":235,"column":4},"end":{"line":256,"column":7}},"144":{"start":{"line":236,"column":8},"end":{"line":236,"column":33}},"145":{"start":{"line":237,"column":8},"end":{"line":237,"column":28}},"146":{"start":{"line":238,"column":8},"end":{"line":238,"column":31}},"147":{"start":{"line":239,"column":8},"end":{"line":243,"column":9}},"148":{"start":{"line":240,"column":12},"end":{"line":240,"column":70}},"149":{"start":{"line":242,"column":12},"end":{"line":242,"column":21}},"150":{"start":{"line":245,"column":8},"end":{"line":245,"column":33}},"151":{"start":{"line":246,"column":8},"end":{"line":246,"column":33}},"152":{"start":{"line":247,"column":8},"end":{"line":255,"column":9}},"153":{"start":{"line":248,"column":12},"end":{"line":252,"column":13}},"154":{"start":{"line":249,"column":16},"end":{"line":249,"column":67}},"155":{"start":{"line":251,"column":16},"end":{"line":251,"column":58}},"156":{"start":{"line":254,"column":12},"end":{"line":254,"column":54}},"157":{"start":{"line":258,"column":4},"end":{"line":258,"column":24}},"158":{"start":{"line":261,"column":0},"end":{"line":269,"column":2}},"159":{"start":{"line":262,"column":4},"end":{"line":268,"column":5}},"160":{"start":{"line":263,"column":8},"end":{"line":263,"column":23}},"161":{"start":{"line":264,"column":11},"end":{"line":268,"column":5}},"162":{"start":{"line":265,"column":8},"end":{"line":265,"column":63}},"163":{"start":{"line":266,"column":11},"end":{"line":268,"column":5}},"164":{"start":{"line":267,"column":8},"end":{"line":267,"column":32}},"165":{"start":{"line":271,"column":0},"end":{"line":281,"column":2}},"166":{"start":{"line":272,"column":4},"end":{"line":280,"column":5}},"167":{"start":{"line":273,"column":8},"end":{"line":273,"column":24}},"168":{"start":{"line":274,"column":8},"end":{"line":275,"column":69}},"169":{"start":{"line":276,"column":8},"end":{"line":278,"column":9}},"170":{"start":{"line":277,"column":12},"end":{"line":277,"column":41}},"171":{"start":{"line":279,"column":8},"end":{"line":279,"column":44}},"172":{"start":{"line":284,"column":0},"end":{"line":284,"column":25}},"173":{"start":{"line":285,"column":0},"end":{"line":288,"column":2}},"174":{"start":{"line":291,"column":0},"end":{"line":295,"column":2}},"175":{"start":{"line":298,"column":0},"end":{"line":311,"column":2}},"176":{"start":{"line":314,"column":0},"end":{"line":314,"column":34}},"177":{"start":{"line":317,"column":0},"end":{"line":321,"column":2}},"178":{"start":{"line":318,"column":4},"end":{"line":318,"column":30}},"179":{"start":{"line":319,"column":4},"end":{"line":319,"column":46}},"180":{"start":{"line":320,"column":4},"end":{"line":320,"column":35}},"181":{"start":{"line":325,"column":0},"end":{"line":329,"column":2}},"182":{"start":{"line":326,"column":4},"end":{"line":326,"column":41}},"183":{"start":{"line":327,"column":4},"end":{"line":327,"column":50}},"184":{"start":{"line":327,"column":17},"end":{"line":327,"column":50}},"185":{"start":{"line":328,"column":4},"end":{"line":328,"column":16}},"186":{"start":{"line":332,"column":0},"end":{"line":337,"column":2}},"187":{"start":{"line":333,"column":4},"end":{"line":335,"column":5}},"188":{"start":{"line":334,"column":8},"end":{"line":334,"column":49}},"189":{"start":{"line":336,"column":4},"end":{"line":336,"column":59}},"190":{"start":{"line":340,"column":0},"end":{"line":386,"column":2}},"191":{"start":{"line":341,"column":4},"end":{"line":341,"column":30}},"192":{"start":{"line":343,"column":4},"end":{"line":343,"column":60}},"193":{"start":{"line":344,"column":4},"end":{"line":346,"column":5}},"194":{"start":{"line":345,"column":8},"end":{"line":345,"column":37}},"195":{"start":{"line":348,"column":4},"end":{"line":381,"column":7}},"196":{"start":{"line":349,"column":8},"end":{"line":349,"column":52}},"197":{"start":{"line":350,"column":8},"end":{"line":350,"column":49}},"198":{"start":{"line":351,"column":8},"end":{"line":351,"column":51}},"199":{"start":{"line":353,"column":8},"end":{"line":353,"column":28}},"200":{"start":{"line":354,"column":8},"end":{"line":362,"column":9}},"201":{"start":{"line":355,"column":12},"end":{"line":361,"column":13}},"202":{"start":{"line":356,"column":16},"end":{"line":356,"column":52}},"203":{"start":{"line":358,"column":16},"end":{"line":360,"column":36}},"204":{"start":{"line":364,"column":8},"end":{"line":380,"column":9}},"205":{"start":{"line":365,"column":12},"end":{"line":367,"column":50}},"206":{"start":{"line":368,"column":15},"end":{"line":380,"column":9}},"207":{"start":{"line":369,"column":12},"end":{"line":371,"column":50}},"208":{"start":{"line":372,"column":15},"end":{"line":380,"column":9}},"209":{"start":{"line":373,"column":12},"end":{"line":373,"column":75}},"210":{"start":{"line":374,"column":15},"end":{"line":380,"column":9}},"211":{"start":{"line":375,"column":12},"end":{"line":375,"column":51}},"212":{"start":{"line":376,"column":15},"end":{"line":380,"column":9}},"213":{"start":{"line":377,"column":12},"end":{"line":377,"column":47}},"214":{"start":{"line":378,"column":15},"end":{"line":380,"column":9}},"215":{"start":{"line":379,"column":12},"end":{"line":379,"column":35}},"216":{"start":{"line":382,"column":4},"end":{"line":384,"column":5}},"217":{"start":{"line":383,"column":8},"end":{"line":383,"column":41}},"218":{"start":{"line":385,"column":4},"end":{"line":385,"column":20}},"219":{"start":{"line":399,"column":0},"end":{"line":414,"column":2}},"220":{"start":{"line":400,"column":4},"end":{"line":405,"column":5}},"221":{"start":{"line":401,"column":8},"end":{"line":401,"column":40}},"222":{"start":{"line":402,"column":8},"end":{"line":402,"column":39}},"223":{"start":{"line":404,"column":8},"end":{"line":404,"column":27}},"224":{"start":{"line":407,"column":4},"end":{"line":413,"column":10}},"225":{"start":{"line":408,"column":8},"end":{"line":408,"column":51}},"226":{"start":{"line":409,"column":8},"end":{"line":411,"column":9}},"227":{"start":{"line":410,"column":12},"end":{"line":410,"column":77}},"228":{"start":{"line":412,"column":8},"end":{"line":412,"column":34}},"229":{"start":{"line":417,"column":0},"end":{"line":440,"column":2}},"230":{"start":{"line":418,"column":4},"end":{"line":418,"column":34}},"231":{"start":{"line":419,"column":4},"end":{"line":419,"column":29}},"232":{"start":{"line":421,"column":4},"end":{"line":437,"column":11}},"233":{"start":{"line":425,"column":12},"end":{"line":425,"column":31}},"234":{"start":{"line":428,"column":12},"end":{"line":428,"column":31}},"235":{"start":{"line":431,"column":12},"end":{"line":436,"column":13}},"236":{"start":{"line":432,"column":16},"end":{"line":432,"column":59}},"237":{"start":{"line":433,"column":16},"end":{"line":433,"column":56}},"238":{"start":{"line":435,"column":16},"end":{"line":435,"column":43}},"239":{"start":{"line":439,"column":4},"end":{"line":439,"column":18}},"240":{"start":{"line":443,"column":0},"end":{"line":446,"column":2}},"241":{"start":{"line":444,"column":4},"end":{"line":444,"column":23}},"242":{"start":{"line":445,"column":4},"end":{"line":445,"column":21}},"243":{"start":{"line":448,"column":0},"end":{"line":664,"column":2}},"244":{"start":{"line":453,"column":12},"end":{"line":453,"column":30}},"245":{"start":{"line":454,"column":12},"end":{"line":463,"column":15}},"246":{"start":{"line":455,"column":16},"end":{"line":455,"column":54}},"247":{"start":{"line":456,"column":16},"end":{"line":456,"column":36}},"248":{"start":{"line":456,"column":29},"end":{"line":456,"column":36}},"249":{"start":{"line":457,"column":16},"end":{"line":457,"column":59}},"250":{"start":{"line":459,"column":16},"end":{"line":461,"column":19}},"251":{"start":{"line":460,"column":20},"end":{"line":460,"column":47}},"252":{"start":{"line":462,"column":16},"end":{"line":462,"column":50}},"253":{"start":{"line":464,"column":12},"end":{"line":464,"column":28}},"254":{"start":{"line":471,"column":12},"end":{"line":471,"column":52}},"255":{"start":{"line":472,"column":12},"end":{"line":474,"column":15}},"256":{"start":{"line":473,"column":16},"end":{"line":473,"column":43}},"257":{"start":{"line":481,"column":12},"end":{"line":481,"column":48}},"258":{"start":{"line":482,"column":12},"end":{"line":482,"column":28}},"259":{"start":{"line":484,"column":12},"end":{"line":492,"column":13}},"260":{"start":{"line":485,"column":16},"end":{"line":491,"column":17}},"261":{"start":{"line":486,"column":20},"end":{"line":488,"column":21}},"262":{"start":{"line":487,"column":24},"end":{"line":487,"column":45}},"263":{"start":{"line":489,"column":23},"end":{"line":491,"column":17}},"264":{"star
[...]
rsed = parseFloat(i);","                return parsed >= from && parsed <= to;","            }).map(function (i) {","                return 'chrome ' + e2c[i];","            });","        }","    },","","    range: {","        regexp: /^(\\w+)\\s+([\\d\\.]+)\\s*-\\s*([\\d\\.]+)$/i,","        select: function (context, name, from, to) {","            var data = browserslist.checkName(name);","            from = parseFloat(normalizeVersion(data, from) || from);","            to = parseFloat(normalizeVersion(data, to) || to);","","            var filter = function (v) {","                var parsed = parseFloat(v);","                return parsed >= from && parsed <= to;","            };","","            return data.released.filter(filter).map(function (v) {","                return data.name + ' ' + v;","            });","        }","    },","","    electronVersions: {","        regexp: /^electron\\s*(>=?|<=?)\\s*([\\d\\.]+)$/i,","        select: function (context, sign, version) {","            return Object.keys(e2c)","                .filter(generateFilter(sign, version))","                .map(function (i) {","                    return 'chrome ' + e2c[i];","                });","        }","    },","","    versions: {","        regexp: /^(\\w+)\\s*(>=?|<=?)\\s*([\\d\\.]+)$/,","        select: function (context, name, sign, version) {","            var data = browserslist.checkName(name);","            var alias = normalizeVersion(data, version);","            if ( alias ) {","                version = alias;","            }","            return data.released","                .filter(generateFilter(sign, version))","                .map(function (v) {","                    return data.name + ' ' + v;","                });","        }","    },","","    esr: {","        regexp: /^(firefox|ff|fx)\\s+esr$/i,","        select: function () {","            return ['firefox 52'];","        }","    },","","    opMini: {","        regexp: /(operamini|op_mini)\\s+all/i,","        select: function () {","            return ['op_mini all'];","        }","    },","","    electron: {","        regexp: /^electron\\s+([\\d\\.]+)$/i,","        select: function (context, version) {","            var chrome = e2c[version];","            if ( !chrome ) error('Unknown version ' + version + ' of electron');","            return ['chrome ' + chrome];","        }","    },","","    direct: {","        regexp: /^(\\w+)\\s+(tp|[\\d\\.]+)$/i,","        select: function (context, name, version) {","            if ( /tp/i.test(version) ) version = 'TP';","            var data  = browserslist.checkName(name);","            var alias = normalizeVersion(data, version);","            if ( alias ) {","                version = alias;","            } else {","                if ( version.indexOf('.') === -1 ) {","                    alias = version + '.0';","                } else if ( /\\.0$/.test(version) ) {","                    alias = version.replace(/\\.0$/, '');","                }","                alias = normalizeVersion(data, alias);","                if ( alias ) {","                    version = alias;","                } else {","                    error('Unknown version ' + version + ' of ' + name);","                }","            }","            return [data.name + ' ' + version];","        }","    },","","    defaults: {","        regexp: /^defaults$/i,","        select: function () {","            return browserslist(browserslist.defaults);","        }","    }","","};","","// Get and convert Can I Use data","","(function () {","    for ( var name in caniuse ) {","        var browser = caniuse[name];","        browserslist.data[name] = {","            name:     name,","            versions: normalize(caniuse[name].versions),","            released: normalize(caniuse[name].versions.slice(0, -3))","        };","        fillUsage(browserslist.usage.global, name, browser.usage_global);","","        browserslist.versionAliases[name] = { };","        for ( var i = 0; i < browser.versions.length; i++ ) {","            var full = browser.versions[i];","            if (!full) continue;","","            if ( full.indexOf('-') !== -1 ) {","                var interval = full.split('-');","                for ( var j = 0; j < interval.length; j++ ) {","                    browserslist.versionAliases[name][interval[j]] = full;","                }","            }","        }","    }","}());","","module.exports = browserslist;",""],"l":{"1":1,"2":1,"3":1,"5":1,"6":1,"8":1,"9":34,"10":1921,"14":1,"15":1,"17":1,"18":0,"19":0,"20":0,"22":0,"25":1,"26":0,"27":0,"28":0,"29":0,"30":0,"33":1,"37":1,"38":0,"41":1,"42":17,"43":223,"47":1,"50":1,"51":1,"53":1,"54":0,"55":0,"57":0,"58":0,"59":0,"61":0,"64":1,"65":0,"66":0,"67":0,"68":0,"70":0,"73":1,"74":0,"75":0,"76":0,"77":0,"78":0,"79":0,"80":0,"81":0,"82":0,"88":1,"89":0,"90":0,"91":0,"93":0,"96":1,"97":0,"99":0,"100":0,"101":0,"102":0,"103":0,"104":0,"105":0,"107":0,"110":0,"113":1,"114":0,"115":0,"116":0,"117":0,"119":0,"120":0,"121":0,"123":0,"124":0,"125":0,"127":0,"128":0,"129":0,"134":1,"135":0,"136":0,"137":0,"158":1,"159":0,"161":0,"162":0,"165":0,"166":0,"167":0,"168":0,"169":0,"170":0,"171":0,"172":0,"176":0,"177":0,"180":0,"181":0,"184":0,"186":0,"187":0,"188":0,"189":0,"190":0,"192":0,"195":0,"196":0,"199":0,"200":0,"201":0,"205":0,"207":0,"208":0,"210":0,"211":0,"213":0,"214":0,"215":0,"216":0,"217":0,"218":0,"219":0,"220":0,"221":0,"223":0,"224":0,"227":0,"229":0,"233":0,"235":0,"236":0,"237":0,"238":0,"239":0,"240":0,"242":0,"245":0,"246":0,"247":0,"248":0,"249":0,"251":0,"254":0,"258":0,"261":1,"262":0,"263":0,"264":0,"265":0,"266":0,"267":0,"271":1,"272":0,"273":0,"274":0,"276":0,"277":0,"279":0,"284":1,"285":1,"291":1,"298":1,"314":1,"317":1,"318":0,"319":0,"320":0,"325":1,"326":0,"327":0,"328":0,"332":1,"333":0,"334":0,"336":0,"340":1,"341":0,"343":0,"344":0,"345":0,"348":0,"349":0,"350":0,"351":0,"353":0,"354":0,"355":0,"356":0,"358":0,"364":0,"365":0,"368":0,"369":0,"372":0,"373":0,"374":0,"375":0,"376":0,"377":0,"378":0,"379":0,"382":0,"383":0,"385":0,"399":1,"400":0,"401":0,"402":0,"404":0,"407":0,"408":0,"409":0,"410":0,"412":0,"417":1,"418":0,"419":0,"421":0,"425":0,"428":0,"431":0,"432":0,"433":0,"435":0,"439":0,"443":1,"444":0,"445":0,"448":1,"453":0,"454":0,"455":0,"456":0,"457":0,"459":0,"460":0,"462":0,"464":0,"471":0,"472":0,"473":0,"481":0,"482":0,"484":0,"485":0,"486":0,"487":0,"489":0,"490":0,"494":0,"501":0,"502":0,"504":0,"505":0,"508":0,"509":0,"510":0,"511":0,"513":0,"514":0,"518":0,"525":0,"526":0,"527":0,"529":0,"530":0,"532":0,"533":0,"534":0,"535":0,"537":0,"538":0,"542":0,"549":0,"550":0,"552":0,"553":0,"555":0,"556":0,"557":0,"559":0,"567":0,"568":0,"569":0,"571":0,"572":0,"573":0,"576":0,"577":0,"585":0,"588":0,"596":0,"597":0,"598":0,"599":0,"601":0,"604":0,"612":0,"619":0,"626":0,"627":0,"628":0,"635":0,"636":0,"637":0,"638":0,"639":0,"641":0,"642":0,"643":0,"644":0,"646":0,"647":0,"648":0,"650":0,"653":0,"660":0,"668":1,"669":1,"670":17,"671":17,"676":17,"678":17,"679":17,"680":986,"681":986,"683":223,"684":12,"685":12,"686":24,"693":1}},"/home/travis/build/npmtest/node-npmtest-browserslist/node_modules/browserslist/cli.js":{"path":"/home/travis/build/npmtest/node-npmtest-browserslist/node_modules/browserslist/cli.js","s":{"1":1,"2":1,"3":1,"4":1,"5":0,"6":0,"7":1,"8":0,"9":0,"10":0,"11":0,"12":1,"13":0,"14":0,"15":1,"16":0,"17":0,"18":0,"19":0,"20":0,"21":1,"22":1,"23":0,"24":0,"25":0,"26":0,"27":0,"28":0,"29":0,"30":0,"31":0,"32":0,"33":0,"34":0,"35":0,"36":0,"37":0,"38":0,"39":0,"40":0,"41":0,"42":0,"43":0,"44":0,"45":0,"46":0,"47":0,"48":0},"b":{"1":[0,0],"2":[0,0],"3":[0,0],"4":[0,0],"5":[1,0],"6":[1,0,0],"7":[0,0],"8":[0,0],"9":[0,0],"10":[0,0],"11":[0,0],"12":[0,0],"13":[0,0],"14":[0,0],"15":[0,0],"16":[0,0],"17":[0,0],"18":[0,0],"19":[0,0],"20":[0,0],"21":[0,0],"22":[0,0],"23":[0,0],"24":[0,0],"25":[0,0]},"f":{"1":0,"2":0,"3":0,"4":0,"5":0,"6":0,"7":0,"8":0,"9":0},"fnMap":{"1":{"name":"isArg","line":7,"loc":{"start":{"line":7,"column":0},"end":{"line":7,"column":20}}},"2":{"name":"(anonymous_2)","line":8,"loc":{"start":{"line":8,"column":21},"end":{"line":8,"column":36}}},"3":{"name":"getArgValue","line":13,"loc":{"start":{"line":13,"column":0},"end":{"line":13,"column":26}}},"4":{"name":"(anonymous_4)","line":14,"loc":{"start":{"line":14,"column":28},"end":{"line":14,"column":43}}},"5":{"name":"error","line":21,"loc":{"start":{"line":21,"column":0},"end":{"line":21,"column":20}}},"6":{"name":"query","line":26,"loc":{"start":{"line":26,"column":0},"end":{"line":26,"column":30}}},"7":{"name":"(anonymous_7)","line":55,"loc":{"start":{"line":55,"column":29},"end":{"line":55,"column":42}}},"8":{"name":"(anonymous_8)","line":73,"loc":{"start":{"line":73,"column":27},"end":{"line":73,"column":46}}},"9":{"name":"(anonymous_9)","line":90,"loc":{"start":{"line":90,"column":30},"end":{"line":90,"column":49}}}},"statementMap":{"1":{"start":{"line":3,"column":0},"end":{"line":3,"column":33}},"2":{"start":{"line":4,"column":0},"end":{"line":4,"column":45}},"3":{"start":{"line":5,"column":0},"end":{"line":5,"column":41}},"4":{"start":{"line":7,"column":0},"end":{"line":11,"column":1}},"5":{"start":{"line":8,"column":4},"end":{"line":10,"column":7}},"6":{"start":{"line":9,"column":8},"end":{"line":9,"column":59}},"7":{"start":{"line":13,"column":0},"end":{"line":19,"column":1}},"8":{"start":{"line":14,"column":4},"end":{"line":16,"column":10}},"9":{"start":{"line":15,"column":8},"end":{"line":15,"column":44}},"10":{"start":{"line":17,"column":4},"end":{"line":17,"column":45}},"11":{"start":{"line":18,"column":4},"end":{"line":18,"column":54}},"12":{"start":{"line":21,"column":0},"end":{"line":24,"column":1}},"13":{"start":{"line":22,"column":4},"end":{"line":22,"column":55}},"14":{"start":{"line":23,"column":4},"end":{"line":23,"column":20}},"15":{"start":{"line":26,"column":0},"end":{"line":36,"column":1}},"16":{"start":{"line":27,"column":4},"end":{"line":35,"column":5}},"17":{"start":{"line":28,"column":8},"end":{"line":28,"column":43}},"18":{"start":{"line":30,"column":8},"end":{"line":34,"column":9}},"19":{"start":{"line":31,"column":12},"end":{"line":31,"column":36}},"20":{"start":{"line":33,"column":12},"end":{"line":33,"column":20}},"21":{"start":{"line":38,"column":0},"end":{"line":95,"column":1}},"22":{"start":{"line":39,"column":4},"end":{"line":49,"column":25}},"23":{"start":{"line":51,"column":7},"end":{"line":95,"column":1}},"24":{"start":{"line":52,"column":4},"end":{"line":52,"column":62}},"25":{"start":{"line":54,"column":7},"end":{"line":95,"column":1}},"26":{"start":{"line":55,"column":4},"end":{"line":57,"column":7}},"27":{"start":{"line":56,"column":8},"end":{"line":56,"column":28}},"28":{"start":{"line":58,"column":4},"end":{"line":58,"column":70}},"29":{"start":{"line":58,"column":21},"end":{"line":58,"column":70}},"30":{"start":{"line":60,"column":4},"end":{"line":60,"column":65}},"31":{"start":{"line":61,"column":4},"end":{"line":61,"column":66}},"32":{"start":{"line":62,"column":4},"end":{"line":62,"column":51}},"33":{"start":{"line":64,"column":4},"end":{"line":64,"column":25}},"34":{"start":{"line":65,"column":4},"end":{"line":67,"column":5}},"35":{"start":{"line":66,"column":8},"end":{"line":66,"column":48}},"36":{"start":{"line":69,"column":4},"end":{"line":70,"column":80}},"37":{"start":{"line":72,"column":7},"end":{"line":95,"column":1}},"38":{"start":{"line":73,"column":4},"end":{"line":75,"column":7}},"39":{"start":{"line":74,"column":8},"end":{"line":74,"column":45}},"40":{"start":{"line":77,"column":7},"end":{"line":95,"column":1}},"41":{"start":{"line":78,"column":4},"end":{"line":80,"column":6}},"42":{"start":{"line":82,"column":4},"end":{"line":84,"column":5}},"43":{"start":{"line":83,"column":8},"end":{"line":83,"column":61}},"44":{"start":{"line":86,"column":4},"end":{"line":88,"column":5}},"45":{"start":{"line":87,"column":8},"end":{"line":87,"column":65}},"46":{"start":{"line":90,"column":4},"end":{"line":92,"column":7}},"47":{"start":{"line":91,"column":8},"end":{"line":91,"column":45}},"48":{"start":{"line":94,"column":4},"end":{"line":94,"column":62}}},"branchMap":{"1":{"line":9,"type":"binary-expr","locations":[{"start":{"line":9,"column":15},"end":{"line":9,"column":26}},{"start":{"line":9,"column":30},"end":{"line":9,"column":58}}]},"2":{"line":17,"type":"binary-expr","locations":[{"start":{"line":17,"column":16},"end":{"line":17,"column":21}},{"start":{"line":17,"column":25},"end":{"line":17,"column":44}}]},"3":{"line":18,"type":"binary-expr","locations":[{"start":{"line":18,"column":11},"end":{"line":18,"column":16}},{"start":{"line":18,"column":20},"end":{"line":18,"column":53}}]},"4":{"line":30,"type":"if","locations":[{"start":{"line":30,"column":8},"end":{"line":30,"column":8}},{"start":{"line":30,"column":8},"end":{"line":30,"column":8}}]},"5":{"line":38,"type":"if","locations":[{"start":{"line":38,"column":0},"end":{"line":38,"column":0}},{"start":{"line":38,"column":0},"end":{"line":38,"column":0}}]},"6":{"line":38,"type":"binary-expr","locations":[{"start":{"line":38,"column":5},"end":{"line":38,"column":22}},{"start":{"line":38,"column":26},"end":{"line":38,"column":41}},{"start":{"line":38,"column":45},"end":{"line":38,"column":56}}]},"7":{"line":51,"type":"if","locations":[{"start":{"line":51,"column":7},"end":{"line":51,"column":7}},{"start":{"line":51,"column":7},"end":{"line":51,"column":7}}]},"8":{"line":51,"type":"binary-expr","locations":[{"start":{"line":51,"column":12},"end":{"line":51,"column":30}},{"start":{"line":51,"column":34},"end":{"line":51,"column":45}}]},"9":{"line":54,"type":"if","locations":[{"start":{"line":54,"column":7},"end":{"line":54,"column":7}},{"start":{"line":54,"column":7},"end":{"line":54,"column":7}}]},"10":{"line":54,"type":"binary-expr","locations":[{"start":{"line":54,"column":12},"end":{"line":54,"column":31}},{"start":{"line":54,"column":35},"end":{"line":54,"column":46}}]},"11":{"line":58,"type":"if","locations":[{"start":{"line":58,"column":4},"end":{"line":58,"column":4}},{"start":{"line":58,"column":4},"end":{"line":58,"column":4}}]},"12":{"line":60,"type":"binary-expr","locations":[{"start":{"line":60,"column":18},"end":{"line":60,"column":43}},{"start":{"line":60,"column":47},"end":{"line":60,"column":64}}]},"13":{"line":65,"type":"if","locations":[{"start":{"line":65,"column":4},"end":{"line":65,"column":4}},{"start":{"line":65,"column":4},"end":{"line":65,"column":4}}]},"14":{"line":65,"type":"binary-expr","locations":[{"start":{"line":65,"column":8},"end":{"line":65,"column":15}},{"start":{"line":65,"column":19},"end":{"line":65,"column":39}}]},"15":{"line":72,"type":"if","locations":[{"start":{"line":72,"column":7},"end":{"line":72,"column":7}},{"start":{"line":72,"column":7},"end":{"line":72,"column":7}}]},"16":{"line":72,"type":"binary-expr","locations":[{"start":{"line":72,"column":12},"end":{"line":72,"column":29}},{"start":{"line":72,"column":33},"end":{"line":72,"column":51}}]},"17":{"line":77,"type":"if","locations":[{"start":{"line":77,"column":7},"end":{"line":77,"column":7}},{"start":{"line":77,"column":7},"end":{"line":77,"column":7}}]},"18":{"line":77,"type":"binary-expr","locations":[{"start":{"line":77,"column":11},"end":{"line":77,"column":28}},{"start":{"line":77,"column":32},"end":{"line":77,"column":43}}]},"19":{"line":79,"type":"binary-expr","locations":[{"start":{"line":79,"column":16},"end":{"line":79,"column":39}},{"start":{"line":79,"column":43},"end":{"line":79,"column":60}}]},"20":{"line":82,"type":"if","locations":[{"start":{"line":82,"column":4},"end":{"line":82,"column":4}},{"start":{"line":82,"column":4},"end":{"line":82,"column":4}}]},"21":{"line":82,"type":"binary-expr","locations":[{"start":{"line":82,"column":8},"end":{"line":82,"column":22}},{"start":{"line":82,"column":26},"end":{"line":82,"column":37}}]},"22":{"line":83,"type":"binary-expr","locations":[{"start":{"line":83,"column":19},"end":{"line":83,"column":39}},{"start":{"line":83,"column":43},"end":{"line":83,"column":60}}]},"23":{"line":86,"type":"if","locations":[{"start":{"line":86,"column":4},"end":{"line":86,"column":4}},{"start":{"line":86,"column":4},"end":{"line":86,"column":4}}]},"24":{"line":86,"type":"binary-expr","locations":[{"start":{"line":86,"column":8},"end":{"line":86,"column":24}},{"start":{"line":86,"column":28},"end":{"line":86,"column":39}}]},"25":{"line":87,"type":"binary-expr","locations":[{"start":{"line":87,"column":21},"end":{"line":87,"column":43}},{"start":{"line":87,"column":47},"end":{"line":87,"column":64}}]}},"code":["//#!/usr/bin/env node","","var browserslist = require('./');","var pkg          = require('./package.json');","var args         = process.argv.slice(2);","","function isArg(arg) {","    return args.some(function (str) {","        return str === arg || str.indexOf(arg + '=') === 0;","    });","}","","function getArgValue(arg) {","    var found = args.filter(function (str) {","        return str.indexOf(arg + '=') === 0;","    })[0];","    var value = found && found.split('=')[1];","    return value && value.replace(/^['\"]|['\"]$/g, '');","}","","function error(msg) {","    process.stderr.write(pkg.name + ': ' + msg + '\\n');","    process.exit(1);","}","","function query(queries, opts) {","    try {","        return browserslist(queries, opts);","    } catch (e) {","        if ( e.name === 'BrowserslistError' ) {","            return error(e.message);","        } else {","            throw e;","        }","    }","}","","if ( args.length === 0 || isArg('--help') || isArg('-h') ) {","    process.stdout.write([","        pkg.description,","        '',","        'Usage:',","        '  ' + pkg.name + ' \"QUERIES\"',","        '  ' + pkg.name + ' --coverage \"QUERIES\"',","        '  ' + pkg.name + ' --coverage=US \"QUERIES\"',","        '  ' + pkg.name + ' --config=browserslist \"path/to/browserlist/file\"',","        '  ' + pkg.name + ' --env=\"environment name defined in config\"',","        '  ' + pkg.name + ' --stats=\"path/to/browserlist/stats/file\"'","    ].join('\\n') + '\\n');","","} else if ( isArg('--version') || isArg('-v') ) {","    process.stdout.write(pkg.name + ' ' + pkg.version + '\\n');","","} else if ( isArg('--coverage') || isArg('-c') ) {","    var browsers = args.find(function (i) {","        return i[0] !== '-';","    });","    if ( !browsers ) error('Define a browsers query to get coverage');","","    var country = getArgValue('--coverage') || getArgValue('-c');","    var result  = browserslist.coverage(query(browsers), country);","    var round   = Math.round(result * 100) / 100.0;","","    var end = 'globally';","    if (country && country !== 'global') {","        end = 'in the ' + country.toUpperCase();","    }","","    process.stdout.write(","        'These browsers account for ' + round + '% of all users ' + end + '\\n');","","} else if ( args.length === 1 && args[0][0] !== '-' ) {","    query(args[0]).forEach(function (browser) {","        process.stdout.write(browser + '\\n');","    });","","} else if (isArg('--config') || isArg('-b')) {","    var opts = {","        config: getArgValue('--config') || getArgValue('-b')","    };","","    if (isArg('--env') || isArg('-e')) {","        opts.env = getArgValue('--env') || getArgValue('-e');","    }","","    if (isArg('--stats') || isArg('-s')) {","        opts.stats = getArgValue('--stats') || getArgValue('-s');","    }","","    query(null, opts).forEach(function (browser) {","        process.stdout.write(browser + '\\n');","    });","} else {","    error('Unknown arguments. Use --help to pick right one.');","}",""],"l":{"3":1,"4":1,"5":1,"7":1,"8":0,"9":0,"13":1,"14":0,"15":0,"17":0,"18":0,"21":1,"22":0,"23":0,"26":1,"27":0,"28":0,"30":0,"31":0,"33":0,"38":1,"39":1,"51":0,"52":0,"54":0,"55":0,"56":0,"58":0,"60":0,"61":0,"62":0,"64":0,"65":0,"66":0,"69":0,"72":0,"73":0,"74":0,"77":0,"78":0,"82":0,"83":0,"86":0,"87":0,"90":0,"91":0,"94":0}}}